{"D:\\ai-dresser\\eslint.config.js": {"path":"D:\\ai-dresser\\eslint.config.js","statementMap":{"0":{"start":{"line":1,"column":25},"end":{"line":1,"column":49}},"1":{"start":{"line":2,"column":19},"end":{"line":2,"column":53}},"2":{"start":{"line":4,"column":0},"end":{"line":9,"column":3}}},"fnMap":{},"branchMap":{},"s":{"0":0,"1":0,"2":0},"f":{},"b":{}}
,"D:\\ai-dresser\\expo-env.d.ts": {"path":"D:\\ai-dresser\\expo-env.d.ts","statementMap":{},"fnMap":{},"branchMap":{},"s":{},"f":{},"b":{}}
,"D:\\ai-dresser\\jest.config.js": {"path":"D:\\ai-dresser\\jest.config.js","statementMap":{"0":{"start":{"line":1,"column":0},"end":{"line":31,"column":2}}},"fnMap":{},"branchMap":{},"s":{"0":0},"f":{},"b":{}}
,"D:\\ai-dresser\\.rorkai\\inspector.tsx": {"path":"D:\\ai-dresser\\.rorkai\\inspector.tsx","statementMap":{"0":{"start":{"line":46,"column":2},"end":{"line":46,"column":86}},"1":{"start":{"line":48,"column":2},"end":{"line":48,"column":72}},"2":{"start":{"line":65,"column":21},"end":{"line":65,"column":58}},"3":{"start":{"line":67,"column":0},"end":{"line":77,"column":1}},"4":{"start":{"line":68,"column":2},"end":{"line":68,"column":21}},"5":{"start":{"line":71,"column":2},"end":{"line":76,"column":5}},"6":{"start":{"line":72,"column":4},"end":{"line":75,"column":7}},"7":{"start":{"line":87,"column":2},"end":{"line":89,"column":3}},"8":{"start":{"line":88,"column":4},"end":{"line":88,"column":75}},"9":{"start":{"line":91,"column":2},"end":{"line":91,"column":45}},"10":{"start":{"line":97,"column":2},"end":{"line":104,"column":5}},"11":{"start":{"line":98,"column":4},"end":{"line":98,"column":41}},"12":{"start":{"line":98,"column":34},"end":{"line":98,"column":41}},"13":{"start":{"line":99,"column":4},"end":{"line":103,"column":5}},"14":{"start":{"line":100,"column":6},"end":{"line":100,"column":57}},"15":{"start":{"line":102,"column":6},"end":{"line":102,"column":21}},"16":{"start":{"line":108,"column":28},"end":{"line":108,"column":65}},"17":{"start":{"line":110,"column":2},"end":{"line":120,"column":9}},"18":{"start":{"line":111,"column":25},"end":{"line":115,"column":6}},"19":{"start":{"line":112,"column":6},"end":{"line":114,"column":7}},"20":{"start":{"line":113,"column":8},"end":{"line":113,"column":56}},"21":{"start":{"line":113,"column":28},"end":{"line":113,"column":53}},"22":{"start":{"line":117,"column":4},"end":{"line":117,"column":39}},"23":{"start":{"line":119,"column":4},"end":{"line":119,"column":40}},"24":{"start":{"line":119,"column":17},"end":{"line":119,"column":39}},"25":{"start":{"line":122,"column":27},"end":{"line":125,"column":8}},"26":{"start":{"line":123,"column":4},"end":{"line":123,"column":63}},"27":{"start":{"line":123,"column":24},"end":{"line":123,"column":60}},"28":{"start":{"line":124,"column":4},"end":{"line":124,"column":76}},"29":{"start":{"line":127,"column":2},"end":{"line":127,"column":40}},"30":{"start":{"line":131,"column":23},"end":{"line":131,"column":35}},"31":{"start":{"line":132,"column":34},"end":{"line":132,"column":46}},"32":{"start":{"line":133,"column":30},"end":{"line":133,"column":42}},"33":{"start":{"line":134,"column":49},"end":{"line":134,"column":60}},"34":{"start":{"line":136,"column":44},"end":{"line":136,"column":77}},"35":{"start":{"line":138,"column":4},"end":{"line":138,"column":43}},"36":{"start":{"line":140,"column":40},"end":{"line":142,"column":3}},"37":{"start":{"line":144,"column":2},"end":{"line":148,"column":25}},"38":{"start":{"line":145,"column":4},"end":{"line":145,"column":33}},"39":{"start":{"line":145,"column":26},"end":{"line":145,"column":33}},"40":{"start":{"line":146,"column":4},"end":{"line":146,"column":30}},"41":{"start":{"line":147,"column":4},"end":{"line":147,"column":31}},"42":{"start":{"line":150,"column":2},"end":{"line":153,"column":4}},"43":{"start":{"line":155,"column":39},"end":{"line":171,"column":3}},"44":{"start":{"line":157,"column":6},"end":{"line":168,"column":7}},"45":{"start":{"line":158,"column":24},"end":{"line":165,"column":9}},"46":{"start":{"line":162,"column":58},"end":{"line":164,"column":11}},"47":{"start":{"line":167,"column":8},"end":{"line":167,"column":32}},"48":{"start":{"line":173,"column":23},"end":{"line":195,"column":3}},"49":{"start":{"line":174,"column":4},"end":{"line":194,"column":6}},"50":{"start":{"line":179,"column":8},"end":{"line":183,"column":10}},"51":{"start":{"line":185,"column":8},"end":{"line":188,"column":11}},"52":{"start":{"line":190,"column":8},"end":{"line":190,"column":47}},"53":{"start":{"line":192,"column":8},"end":{"line":192,"column":21}},"54":{"start":{"line":197,"column":26},"end":{"line":197,"column":45}},"55":{"start":{"line":200,"column":4},"end":{"line":202,"column":34}},"56":{"start":{"line":204,"column":2},"end":{"line":279,"column":4}},"57":{"start":{"line":244,"column":22},"end":{"line":247,"column":23}},"58":{"start":{"line":245,"column":24},"end":{"line":245,"column":76}},"59":{"start":{"line":246,"column":24},"end":{"line":246,"column":43}},"60":{"start":{"line":282,"column":25},"end":{"line":314,"column":1}},"61":{"start":{"line":289,"column":44},"end":{"line":289,"column":63}},"62":{"start":{"line":291,"column":2},"end":{"line":302,"column":9}},"63":{"start":{"line":292,"column":30},"end":{"line":299,"column":5}},"64":{"start":{"line":293,"column":6},"end":{"line":298,"column":7}},"65":{"start":{"line":294,"column":29},"end":{"line":294,"column":54}},"66":{"start":{"line":295,"column":8},"end":{"line":295,"column":41}},"67":{"start":{"line":295,"column":31},"end":{"line":295,"column":39}},"68":{"start":{"line":297,"column":8},"end":{"line":297,"column":50}},"69":{"start":{"line":301,"column":4},"end":{"line":301,"column":24}},"70":{"start":{"line":304,"column":2},"end":{"line":310,"column":3}},"71":{"start":{"line":305,"column":4},"end":{"line":309,"column":6}},"72":{"start":{"line":313,"column":2},"end":{"line":313,"column":47}},"73":{"start":{"line":318,"column":38},"end":{"line":318,"column":51}},"74":{"start":{"line":319,"column":40},"end":{"line":319,"column":53}},"75":{"start":{"line":320,"column":36},"end":{"line":320,"column":55}},"76":{"start":{"line":321,"column":40},"end":{"line":321,"column":59}},"77":{"start":{"line":322,"column":48},"end":{"line":322,"column":61}},"78":{"start":{"line":323,"column":50},"end":{"line":323,"column":63}},"79":{"start":{"line":324,"column":40},"end":{"line":324,"column":53}},"80":{"start":{"line":326,"column":2},"end":{"line":423,"column":4}},"81":{"start":{"line":426,"column":15},"end":{"line":606,"column":2}}},"fnMap":{"0":{"name":"(anonymous_0)","decl":{"start":{"line":71,"column":30},"end":{"line":71,"column":31}},"loc":{"start":{"line":71,"column":41},"end":{"line":76,"column":3}},"line":71},"1":{"name":"sendBridgeMessage","decl":{"start":{"line":79,"column":16},"end":{"line":79,"column":33}},"loc":{"start":{"line":86,"column":2},"end":{"line":92,"column":1}},"line":86},"2":{"name":"addBridgeListener","decl":{"start":{"line":94,"column":16},"end":{"line":94,"column":33}},"loc":{"start":{"line":96,"column":21},"end":{"line":105,"column":1}},"line":96},"3":{"name":"(anonymous_3)","decl":{"start":{"line":97,"column":48},"end":{"line":97,"column":49}},"loc":{"start":{"line":97,"column":63},"end":{"line":104,"column":3}},"line":97},"4":{"name":"useBridge","decl":{"start":{"line":107,"column":16},"end":{"line":107,"column":25}},"loc":{"start":{"line":107,"column":28},"end":{"line":128,"column":1}},"line":107},"5":{"name":"(anonymous_5)","decl":{"start":{"line":110,"column":12},"end":{"line":110,"column":13}},"loc":{"start":{"line":110,"column":18},"end":{"line":120,"column":3}},"line":110},"6":{"name":"(anonymous_6)","decl":{"start":{"line":111,"column":43},"end":{"line":111,"column":44}},"loc":{"start":{"line":111,"column":53},"end":{"line":115,"column":5}},"line":111},"7":{"name":"(anonymous_7)","decl":{"start":{"line":113,"column":17},"end":{"line":113,"column":18}},"loc":{"start":{"line":113,"column":28},"end":{"line":113,"column":53}},"line":113},"8":{"name":"(anonymous_8)","decl":{"start":{"line":119,"column":11},"end":{"line":119,"column":12}},"loc":{"start":{"line":119,"column":17},"end":{"line":119,"column":39}},"line":119},"9":{"name":"(anonymous_9)","decl":{"start":{"line":122,"column":39},"end":{"line":122,"column":40}},"loc":{"start":{"line":122,"column":45},"end":{"line":125,"column":3}},"line":122},"10":{"name":"(anonymous_10)","decl":{"start":{"line":123,"column":13},"end":{"line":123,"column":14}},"loc":{"start":{"line":123,"column":24},"end":{"line":123,"column":60}},"line":123},"11":{"name":"BundleInspector","decl":{"start":{"line":130,"column":16},"end":{"line":130,"column":31}},"loc":{"start":{"line":130,"column":61},"end":{"line":280,"column":1}},"line":130},"12":{"name":"(anonymous_12)","decl":{"start":{"line":144,"column":12},"end":{"line":144,"column":13}},"loc":{"start":{"line":144,"column":18},"end":{"line":148,"column":3}},"line":144},"13":{"name":"(anonymous_13)","decl":{"start":{"line":156,"column":4},"end":{"line":156,"column":5}},"loc":{"start":{"line":156,"column":49},"end":{"line":169,"column":5}},"line":156},"14":{"name":"(anonymous_14)","decl":{"start":{"line":162,"column":45},"end":{"line":162,"column":46}},"loc":{"start":{"line":162,"column":58},"end":{"line":164,"column":11}},"line":162},"15":{"name":"(anonymous_15)","decl":{"start":{"line":173,"column":23},"end":{"line":173,"column":24}},"loc":{"start":{"line":173,"column":65},"end":{"line":195,"column":3}},"line":173},"16":{"name":"(anonymous_16)","decl":{"start":{"line":178,"column":6},"end":{"line":178,"column":7}},"loc":{"start":{"line":178,"column":44},"end":{"line":193,"column":7}},"line":178},"17":{"name":"(anonymous_17)","decl":{"start":{"line":243,"column":29},"end":{"line":243,"column":30}},"loc":{"start":{"line":243,"column":35},"end":{"line":248,"column":21}},"line":243},"18":{"name":"(anonymous_18)","decl":{"start":{"line":282,"column":25},"end":{"line":282,"column":26}},"loc":{"start":{"line":288,"column":6},"end":{"line":314,"column":1}},"line":288},"19":{"name":"(anonymous_19)","decl":{"start":{"line":291,"column":18},"end":{"line":291,"column":19}},"loc":{"start":{"line":291,"column":24},"end":{"line":302,"column":3}},"line":291},"20":{"name":"(anonymous_20)","decl":{"start":{"line":292,"column":30},"end":{"line":292,"column":31}},"loc":{"start":{"line":292,"column":42},"end":{"line":299,"column":5}},"line":292},"21":{"name":"(anonymous_21)","decl":{"start":{"line":295,"column":25},"end":{"line":295,"column":26}},"loc":{"start":{"line":295,"column":31},"end":{"line":295,"column":39}},"line":295},"22":{"name":"ElementEditor","decl":{"start":{"line":316,"column":9},"end":{"line":316,"column":22}},"loc":{"start":{"line":316,"column":25},"end":{"line":424,"column":1}},"line":316}},"branchMap":{"0":{"loc":{"start":{"line":67,"column":0},"end":{"line":77,"column":1}},"type":"if","locations":[{"start":{"line":67,"column":0},"end":{"line":77,"column":1}},{"start":{},"end":{}}],"line":67},"1":{"loc":{"start":{"line":87,"column":2},"end":{"line":89,"column":3}},"type":"if","locations":[{"start":{"line":87,"column":2},"end":{"line":89,"column":3}},{"start":{},"end":{}}],"line":87},"2":{"loc":{"start":{"line":98,"column":4},"end":{"line":98,"column":41}},"type":"if","locations":[{"start":{"line":98,"column":4},"end":{"line":98,"column":41}},{"start":{},"end":{}}],"line":98},"3":{"loc":{"start":{"line":99,"column":4},"end":{"line":103,"column":5}},"type":"if","locations":[{"start":{"line":99,"column":4},"end":{"line":103,"column":5}},{"start":{"line":101,"column":11},"end":{"line":103,"column":5}}],"line":99},"4":{"loc":{"start":{"line":112,"column":6},"end":{"line":114,"column":7}},"type":"if","locations":[{"start":{"line":112,"column":6},"end":{"line":114,"column":7}},{"start":{},"end":{}}],"line":112},"5":{"loc":{"start":{"line":112,"column":10},"end":{"line":112,"column":75}},"type":"binary-expr","locations":[{"start":{"line":112,"column":10},"end":{"line":112,"column":34}},{"start":{"line":112,"column":38},"end":{"line":112,"column":75}}],"line":112},"6":{"loc":{"start":{"line":145,"column":4},"end":{"line":145,"column":33}},"type":"if","locations":[{"start":{"line":145,"column":4},"end":{"line":145,"column":33}},{"start":{},"end":{}}],"line":145},"7":{"loc":{"start":{"line":157,"column":6},"end":{"line":168,"column":7}},"type":"if","locations":[{"start":{"line":157,"column":6},"end":{"line":168,"column":7}},{"start":{},"end":{}}],"line":157},"8":{"loc":{"start":{"line":163,"column":18},"end":{"line":163,"column":32}},"type":"binary-expr","locations":[{"start":{"line":163,"column":18},"end":{"line":163,"column":24}},{"start":{"line":163,"column":28},"end":{"line":163,"column":32}}],"line":163},"9":{"loc":{"start":{"line":180,"column":10},"end":{"line":182,"column":22}},"type":"cond-expr","locations":[{"start":{"line":181,"column":14},"end":{"line":181,"column":19}},{"start":{"line":182,"column":14},"end":{"line":182,"column":22}}],"line":180},"10":{"loc":{"start":{"line":200,"column":4},"end":{"line":202,"column":34}},"type":"cond-expr","locations":[{"start":{"line":201,"column":8},"end":{"line":201,"column":43}},{"start":{"line":202,"column":8},"end":{"line":202,"column":34}}],"line":200},"11":{"loc":{"start":{"line":210,"column":7},"end":{"line":212,"column":7}},"type":"binary-expr","locations":[{"start":{"line":210,"column":7},"end":{"line":210,"column":23}},{"start":{"line":211,"column":8},"end":{"line":211,"column":78}}],"line":210},"12":{"loc":{"start":{"line":214,"column":7},"end":{"line":277,"column":7}},"type":"binary-expr","locations":[{"start":{"line":214,"column":7},"end":{"line":214,"column":23}},{"start":{"line":215,"column":8},"end":{"line":276,"column":15}}],"line":214},"13":{"loc":{"start":{"line":237,"column":13},"end":{"line":274,"column":13}},"type":"cond-expr","locations":[{"start":{"line":238,"column":14},"end":{"line":260,"column":21}},{"start":{"line":262,"column":14},"end":{"line":273,"column":21}}],"line":237},"14":{"loc":{"start":{"line":244,"column":22},"end":{"line":247,"column":23}},"type":"if","locations":[{"start":{"line":244,"column":22},"end":{"line":247,"column":23}},{"start":{},"end":{}}],"line":244},"15":{"loc":{"start":{"line":304,"column":2},"end":{"line":310,"column":3}},"type":"if","locations":[{"start":{"line":304,"column":2},"end":{"line":310,"column":3}},{"start":{},"end":{}}],"line":304}},"s":{"0":0,"1":0,"2":0,"3":0,"4":0,"5":0,"6":0,"7":0,"8":0,"9":0,"10":0,"11":0,"12":0,"13":0,"14":0,"15":0,"16":0,"17":0,"18":0,"19":0,"20":0,"21":0,"22":0,"23":0,"24":0,"25":0,"26":0,"27":0,"28":0,"29":0,"30":0,"31":0,"32":0,"33":0,"34":0,"35":0,"36":0,"37":0,"38":0,"39":0,"40":0,"41":0,"42":0,"43":0,"44":0,"45":0,"46":0,"47":0,"48":0,"49":0,"50":0,"51":0,"52":0,"53":0,"54":0,"55":0,"56":0,"57":0,"58":0,"59":0,"60":0,"61":0,"62":0,"63":0,"64":0,"65":0,"66":0,"67":0,"68":0,"69":0,"70":0,"71":0,"72":0,"73":0,"74":0,"75":0,"76":0,"77":0,"78":0,"79":0,"80":0,"81":0},"f":{"0":0,"1":0,"2":0,"3":0,"4":0,"5":0,"6":0,"7":0,"8":0,"9":0,"10":0,"11":0,"12":0,"13":0,"14":0,"15":0,"16":0,"17":0,"18":0,"19":0,"20":0,"21":0,"22":0},"b":{"0":[0,0],"1":[0,0],"2":[0,0],"3":[0,0],"4":[0,0],"5":[0,0],"6":[0,0],"7":[0,0],"8":[0,0],"9":[0,0],"10":[0,0],"11":[0,0],"12":[0,0],"13":[0,0],"14":[0,0],"15":[0,0]}}
,"D:\\ai-dresser\\.rorkai\\inspector.web.tsx": {"path":"D:\\ai-dresser\\.rorkai\\inspector.web.tsx","statementMap":{"0":{"start":{"line":3,"column":2},"end":{"line":3,"column":25}}},"fnMap":{"0":{"name":"BundleInspector","decl":{"start":{"line":2,"column":16},"end":{"line":2,"column":31}},"loc":{"start":{"line":2,"column":77},"end":{"line":4,"column":1}},"line":2}},"branchMap":{},"s":{"0":0},"f":{"0":0},"b":{}}
,"D:\\ai-dresser\\.rorkai\\polyfills.js": {"path":"D:\\ai-dresser\\.rorkai\\polyfills.js","statementMap":{"0":{"start":{"line":5,"column":0},"end":{"line":24,"column":1}},"1":{"start":{"line":6,"column":25},"end":{"line":21,"column":3}},"2":{"start":{"line":7,"column":31},"end":{"line":9,"column":5}},"3":{"start":{"line":11,"column":53},"end":{"line":13,"column":5}},"4":{"start":{"line":15,"column":4},"end":{"line":17,"column":5}},"5":{"start":{"line":16,"column":6},"end":{"line":16,"column":63}},"6":{"start":{"line":16,"column":46},"end":{"line":16,"column":61}},"7":{"start":{"line":19,"column":4},"end":{"line":19,"column":65}},"8":{"start":{"line":19,"column":46},"end":{"line":19,"column":63}},"9":{"start":{"line":20,"column":4},"end":{"line":20,"column":65}},"10":{"start":{"line":20,"column":46},"end":{"line":20,"column":63}},"11":{"start":{"line":23,"column":2},"end":{"line":23,"column":19}}},"fnMap":{"0":{"name":"(anonymous_0)","decl":{"start":{"line":6,"column":25},"end":{"line":6,"column":26}},"loc":{"start":{"line":6,"column":37},"end":{"line":21,"column":3}},"line":6},"1":{"name":"(anonymous_1)","decl":{"start":{"line":16,"column":40},"end":{"line":16,"column":41}},"loc":{"start":{"line":16,"column":46},"end":{"line":16,"column":61}},"line":16},"2":{"name":"(anonymous_2)","decl":{"start":{"line":19,"column":40},"end":{"line":19,"column":41}},"loc":{"start":{"line":19,"column":46},"end":{"line":19,"column":63}},"line":19},"3":{"name":"(anonymous_3)","decl":{"start":{"line":20,"column":40},"end":{"line":20,"column":41}},"loc":{"start":{"line":20,"column":46},"end":{"line":20,"column":63}},"line":20}},"branchMap":{"0":{"loc":{"start":{"line":5,"column":0},"end":{"line":24,"column":1}},"type":"if","locations":[{"start":{"line":5,"column":0},"end":{"line":24,"column":1}},{"start":{},"end":{}}],"line":5},"1":{"loc":{"start":{"line":15,"column":4},"end":{"line":17,"column":5}},"type":"if","locations":[{"start":{"line":15,"column":4},"end":{"line":17,"column":5}},{"start":{},"end":{}}],"line":15}},"s":{"0":0,"1":0,"2":0,"3":0,"4":0,"5":0,"6":0,"7":0,"8":0,"9":0,"10":0,"11":0},"f":{"0":0,"1":0,"2":0,"3":0},"b":{"0":[0,0],"1":[0,0]}}
,"D:\\ai-dresser\\.rorkai\\rork-error-boundary.tsx": {"path":"D:\\ai-dresser\\.rorkai\\rork-error-boundary.tsx","statementMap":{"0":{"start":{"line":18,"column":18},"end":{"line":18,"column":36}},"1":{"start":{"line":20,"column":25},"end":{"line":24,"column":1}},"2":{"start":{"line":26,"column":21},"end":{"line":26,"column":58}},"3":{"start":{"line":29,"column":20},"end":{"line":34,"column":3}},"4":{"start":{"line":36,"column":2},"end":{"line":59,"column":3}},"5":{"start":{"line":37,"column":4},"end":{"line":41,"column":7}},"6":{"start":{"line":43,"column":25},"end":{"line":47,"column":5}},"7":{"start":{"line":49,"column":4},"end":{"line":56,"column":5}},"8":{"start":{"line":50,"column":6},"end":{"line":53,"column":8}},"9":{"start":{"line":55,"column":6},"end":{"line":55,"column":72}},"10":{"start":{"line":57,"column":9},"end":{"line":59,"column":3}},"11":{"start":{"line":58,"column":4},"end":{"line":58,"column":89}},"12":{"start":{"line":62,"column":0},"end":{"line":78,"column":1}},"13":{"start":{"line":63,"column":2},"end":{"line":72,"column":11}},"14":{"start":{"line":64,"column":4},"end":{"line":64,"column":27}},"15":{"start":{"line":65,"column":25},"end":{"line":70,"column":5}},"16":{"start":{"line":71,"column":4},"end":{"line":71,"column":42}},"17":{"start":{"line":74,"column":2},"end":{"line":77,"column":11}},"18":{"start":{"line":75,"column":4},"end":{"line":75,"column":27}},"19":{"start":{"line":76,"column":4},"end":{"line":76,"column":42}},"20":{"start":{"line":80,"column":29},"end":{"line":80,"column":42}},"21":{"start":{"line":81,"column":0},"end":{"line":84,"column":2}},"22":{"start":{"line":82,"column":2},"end":{"line":82,"column":42}},"23":{"start":{"line":83,"column":2},"end":{"line":83,"column":44}},"24":{"start":{"line":88,"column":4},"end":{"line":88,"column":17}},"25":{"start":{"line":89,"column":4},"end":{"line":89,"column":50}},"26":{"start":{"line":93,"column":4},"end":{"line":93,"column":37}},"27":{"start":{"line":97,"column":4},"end":{"line":97,"column":46}},"28":{"start":{"line":98,"column":4},"end":{"line":100,"column":5}},"29":{"start":{"line":99,"column":6},"end":{"line":99,"column":43}},"30":{"start":{"line":104,"column":4},"end":{"line":118,"column":5}},"31":{"start":{"line":105,"column":6},"end":{"line":117,"column":8}},"32":{"start":{"line":120,"column":4},"end":{"line":120,"column":31}},"33":{"start":{"line":124,"column":15},"end":{"line":153,"column":2}}},"fnMap":{"0":{"name":"sendErrorToIframeParent","decl":{"start":{"line":28,"column":9},"end":{"line":28,"column":32}},"loc":{"start":{"line":28,"column":62},"end":{"line":60,"column":1}},"line":28},"1":{"name":"(anonymous_1)","decl":{"start":{"line":63,"column":35},"end":{"line":63,"column":36}},"loc":{"start":{"line":63,"column":46},"end":{"line":72,"column":3}},"line":63},"2":{"name":"(anonymous_2)","decl":{"start":{"line":74,"column":48},"end":{"line":74,"column":49}},"loc":{"start":{"line":74,"column":59},"end":{"line":77,"column":3}},"line":74},"3":{"name":"(anonymous_3)","decl":{"start":{"line":81,"column":16},"end":{"line":81,"column":17}},"loc":{"start":{"line":81,"column":29},"end":{"line":84,"column":1}},"line":81},"4":{"name":"(anonymous_4)","decl":{"start":{"line":87,"column":2},"end":{"line":87,"column":3}},"loc":{"start":{"line":87,"column":28},"end":{"line":90,"column":3}},"line":87},"5":{"name":"(anonymous_5)","decl":{"start":{"line":92,"column":2},"end":{"line":92,"column":3}},"loc":{"start":{"line":92,"column":48},"end":{"line":94,"column":3}},"line":92},"6":{"name":"(anonymous_6)","decl":{"start":{"line":96,"column":2},"end":{"line":96,"column":3}},"loc":{"start":{"line":96,"column":62},"end":{"line":101,"column":3}},"line":96},"7":{"name":"(anonymous_7)","decl":{"start":{"line":103,"column":2},"end":{"line":103,"column":3}},"loc":{"start":{"line":103,"column":11},"end":{"line":121,"column":3}},"line":103}},"branchMap":{"0":{"loc":{"start":{"line":30,"column":13},"end":{"line":30,"column":67}},"type":"binary-expr","locations":[{"start":{"line":30,"column":13},"end":{"line":30,"column":27}},{"start":{"line":30,"column":31},"end":{"line":30,"column":48}},{"start":{"line":30,"column":52},"end":{"line":30,"column":67}}],"line":30},"1":{"loc":{"start":{"line":36,"column":2},"end":{"line":59,"column":3}},"type":"if","locations":[{"start":{"line":36,"column":2},"end":{"line":59,"column":3}},{"start":{"line":57,"column":9},"end":{"line":59,"column":3}}],"line":36},"2":{"loc":{"start":{"line":36,"column":6},"end":{"line":36,"column":60}},"type":"binary-expr","locations":[{"start":{"line":36,"column":6},"end":{"line":36,"column":27}},{"start":{"line":36,"column":31},"end":{"line":36,"column":60}}],"line":36},"3":{"loc":{"start":{"line":52,"column":8},"end":{"line":52,"column":78}},"type":"cond-expr","locations":[{"start":{"line":52,"column":55},"end":{"line":52,"column":72}},{"start":{"line":52,"column":75},"end":{"line":52,"column":78}}],"line":52},"4":{"loc":{"start":{"line":57,"column":9},"end":{"line":59,"column":3}},"type":"if","locations":[{"start":{"line":57,"column":9},"end":{"line":59,"column":3}},{"start":{},"end":{}}],"line":57},"5":{"loc":{"start":{"line":57,"column":13},"end":{"line":57,"column":50}},"type":"binary-expr","locations":[{"start":{"line":57,"column":13},"end":{"line":57,"column":34}},{"start":{"line":57,"column":38},"end":{"line":57,"column":50}}],"line":57},"6":{"loc":{"start":{"line":62,"column":0},"end":{"line":78,"column":1}},"type":"if","locations":[{"start":{"line":62,"column":0},"end":{"line":78,"column":1}},{"start":{},"end":{}}],"line":62},"7":{"loc":{"start":{"line":62,"column":4},"end":{"line":62,"column":58}},"type":"binary-expr","locations":[{"start":{"line":62,"column":4},"end":{"line":62,"column":25}},{"start":{"line":62,"column":29},"end":{"line":62,"column":58}}],"line":62},"8":{"loc":{"start":{"line":65,"column":25},"end":{"line":70,"column":5}},"type":"binary-expr","locations":[{"start":{"line":65,"column":25},"end":{"line":65,"column":36}},{"start":{"line":65,"column":40},"end":{"line":70,"column":5}}],"line":65},"9":{"loc":{"start":{"line":66,"column":15},"end":{"line":66,"column":47}},"type":"binary-expr","locations":[{"start":{"line":66,"column":15},"end":{"line":66,"column":28}},{"start":{"line":66,"column":32},"end":{"line":66,"column":47}}],"line":66},"10":{"loc":{"start":{"line":67,"column":16},"end":{"line":67,"column":48}},"type":"binary-expr","locations":[{"start":{"line":67,"column":16},"end":{"line":67,"column":30}},{"start":{"line":67,"column":34},"end":{"line":67,"column":48}}],"line":67},"11":{"loc":{"start":{"line":68,"column":14},"end":{"line":68,"column":44}},"type":"binary-expr","locations":[{"start":{"line":68,"column":14},"end":{"line":68,"column":26}},{"start":{"line":68,"column":30},"end":{"line":68,"column":44}}],"line":68},"12":{"loc":{"start":{"line":69,"column":13},"end":{"line":69,"column":44}},"type":"binary-expr","locations":[{"start":{"line":69,"column":13},"end":{"line":69,"column":24}},{"start":{"line":69,"column":28},"end":{"line":69,"column":44}}],"line":69},"13":{"loc":{"start":{"line":98,"column":4},"end":{"line":100,"column":5}},"type":"if","locations":[{"start":{"line":98,"column":4},"end":{"line":100,"column":5}},{"start":{},"end":{}}],"line":98},"14":{"loc":{"start":{"line":104,"column":4},"end":{"line":118,"column":5}},"type":"if","locations":[{"start":{"line":104,"column":4},"end":{"line":118,"column":5}},{"start":{},"end":{}}],"line":104},"15":{"loc":{"start":{"line":110,"column":13},"end":{"line":114,"column":13}},"type":"binary-expr","locations":[{"start":{"line":110,"column":13},"end":{"line":110,"column":34}},{"start":{"line":111,"column":14},"end":{"line":113,"column":21}}],"line":110}},"s":{"0":0,"1":0,"2":0,"3":0,"4":0,"5":0,"6":0,"7":0,"8":0,"9":0,"10":0,"11":0,"12":0,"13":0,"14":0,"15":0,"16":0,"17":0,"18":0,"19":0,"20":0,"21":0,"22":0,"23":0,"24":0,"25":0,"26":0,"27":0,"28":0,"29":0,"30":0,"31":0,"32":0,"33":0},"f":{"0":0,"1":0,"2":0,"3":0,"4":0,"5":0,"6":0,"7":0},"b":{"0":[0,0,0],"1":[0,0],"2":[0,0],"3":[0,0],"4":[0,0],"5":[0,0],"6":[0,0],"7":[0,0],"8":[0,0],"9":[0,0],"10":[0,0],"11":[0,0],"12":[0,0],"13":[0,0],"14":[0,0],"15":[0,0]}}
,"D:\\ai-dresser\\.rorkai\\toolkit-sdk.ts": {"path":"D:\\ai-dresser\\.rorkai\\toolkit-sdk.ts","statementMap":{"0":{"start":{"line":28,"column":2},"end":{"line":28,"column":67}},"1":{"start":{"line":30,"column":20},"end":{"line":30,"column":38}},"2":{"start":{"line":33,"column":19},"end":{"line":33,"column":74}},"3":{"start":{"line":34,"column":2},"end":{"line":34,"column":56}},"4":{"start":{"line":38,"column":15},"end":{"line":44,"column":4}},"5":{"start":{"line":41,"column":23},"end":{"line":41,"column":73}},"6":{"start":{"line":42,"column":6},"end":{"line":42,"column":71}},"7":{"start":{"line":46,"column":19},"end":{"line":69,"column":4}},"8":{"start":{"line":48,"column":22},"end":{"line":48,"column":69}},"9":{"start":{"line":49,"column":23},"end":{"line":49,"column":69}},"10":{"start":{"line":49,"column":58},"end":{"line":49,"column":68}},"11":{"start":{"line":50,"column":19},"end":{"line":54,"column":7}},"12":{"start":{"line":56,"column":28},"end":{"line":59,"column":7}},"13":{"start":{"line":61,"column":21},"end":{"line":61,"column":40}},"14":{"start":{"line":63,"column":6},"end":{"line":65,"column":7}},"15":{"start":{"line":64,"column":8},"end":{"line":64,"column":23}},"16":{"start":{"line":67,"column":6},"end":{"line":67,"column":20}},"17":{"start":{"line":71,"column":21},"end":{"line":78,"column":4}},"18":{"start":{"line":73,"column":23},"end":{"line":75,"column":7}},"19":{"start":{"line":76,"column":6},"end":{"line":76,"column":60}},"20":{"start":{"line":80,"column":2},"end":{"line":85,"column":4}},"21":{"start":{"line":88,"column":18},"end":{"line":88,"column":60}},"22":{"start":{"line":97,"column":2},"end":{"line":97,"column":14}},"23":{"start":{"line":114,"column":30},"end":{"line":114,"column":72}},"24":{"start":{"line":115,"column":17},"end":{"line":121,"column":4}},"25":{"start":{"line":123,"column":15},"end":{"line":123,"column":34}},"26":{"start":{"line":125,"column":2},"end":{"line":125,"column":42}},"27":{"start":{"line":131,"column":28},"end":{"line":131,"column":68}},"28":{"start":{"line":133,"column":4},"end":{"line":135,"column":23}},"29":{"start":{"line":136,"column":17},"end":{"line":139,"column":4}},"30":{"start":{"line":141,"column":15},"end":{"line":141,"column":34}},"31":{"start":{"line":143,"column":2},"end":{"line":143,"column":25}},"32":{"start":{"line":151,"column":37},"end":{"line":189,"column":4}},"33":{"start":{"line":158,"column":29},"end":{"line":166,"column":9}},"34":{"start":{"line":159,"column":28},"end":{"line":165,"column":11}},"35":{"start":{"line":168,"column":8},"end":{"line":170,"column":10}},"36":{"start":{"line":174,"column":19},"end":{"line":174,"column":51}},"37":{"start":{"line":176,"column":6},"end":{"line":178,"column":7}},"38":{"start":{"line":177,"column":8},"end":{"line":177,"column":62}},"39":{"start":{"line":180,"column":6},"end":{"line":180,"column":32}},"40":{"start":{"line":180,"column":25},"end":{"line":180,"column":32}},"41":{"start":{"line":182,"column":21},"end":{"line":182,"column":55}},"42":{"start":{"line":183,"column":6},"end":{"line":187,"column":9}},"43":{"start":{"line":191,"column":19},"end":{"line":214,"column":21}},"44":{"start":{"line":192,"column":4},"end":{"line":213,"column":7}},"45":{"start":{"line":193,"column":20},"end":{"line":210,"column":39}},"46":{"start":{"line":195,"column":10},"end":{"line":195,"column":42}},"47":{"start":{"line":195,"column":33},"end":{"line":195,"column":42}},"48":{"start":{"line":196,"column":10},"end":{"line":208,"column":11}},"49":{"start":{"line":197,"column":29},"end":{"line":197,"column":44}},"50":{"start":{"line":198,"column":29},"end":{"line":198,"column":64}},"51":{"start":{"line":200,"column":12},"end":{"line":207,"column":14}},"52":{"start":{"line":210,"column":23},"end":{"line":210,"column":38}},"53":{"start":{"line":212,"column":6},"end":{"line":212,"column":29}},"54":{"start":{"line":216,"column":22},"end":{"line":227,"column":3}},"55":{"start":{"line":218,"column":6},"end":{"line":224,"column":7}},"56":{"start":{"line":219,"column":8},"end":{"line":221,"column":11}},"57":{"start":{"line":223,"column":8},"end":{"line":223,"column":34}},"58":{"start":{"line":229,"column":2},"end":{"line":234,"column":4}}},"fnMap":{"0":{"name":"waitForConnection","decl":{"start":{"line":32,"column":15},"end":{"line":32,"column":32}},"loc":{"start":{"line":32,"column":45},"end":{"line":35,"column":1}},"line":32},"1":{"name":"useConnections","decl":{"start":{"line":37,"column":16},"end":{"line":37,"column":30}},"loc":{"start":{"line":37,"column":33},"end":{"line":86,"column":1}},"line":37},"2":{"name":"(anonymous_2)","decl":{"start":{"line":40,"column":13},"end":{"line":40,"column":14}},"loc":{"start":{"line":40,"column":25},"end":{"line":43,"column":5}},"line":40},"3":{"name":"(anonymous_3)","decl":{"start":{"line":47,"column":16},"end":{"line":47,"column":17}},"loc":{"start":{"line":47,"column":43},"end":{"line":68,"column":5}},"line":47},"4":{"name":"(anonymous_4)","decl":{"start":{"line":49,"column":49},"end":{"line":49,"column":50}},"loc":{"start":{"line":49,"column":58},"end":{"line":49,"column":68}},"line":49},"5":{"name":"(anonymous_5)","decl":{"start":{"line":72,"column":16},"end":{"line":72,"column":17}},"loc":{"start":{"line":72,"column":43},"end":{"line":77,"column":5}},"line":72},"6":{"name":"createRorkTool","decl":{"start":{"line":96,"column":16},"end":{"line":96,"column":30}},"loc":{"start":{"line":96,"column":76},"end":{"line":98,"column":1}},"line":96},"7":{"name":"generateObject","decl":{"start":{"line":110,"column":22},"end":{"line":110,"column":36}},"loc":{"start":{"line":113,"column":24},"end":{"line":126,"column":1}},"line":113},"8":{"name":"generateText","decl":{"start":{"line":128,"column":22},"end":{"line":128,"column":34}},"loc":{"start":{"line":130,"column":19},"end":{"line":144,"column":1}},"line":130},"9":{"name":"useRorkAgent","decl":{"start":{"line":146,"column":16},"end":{"line":146,"column":28}},"loc":{"start":{"line":150,"column":2},"end":{"line":235,"column":1}},"line":150},"10":{"name":"(anonymous_10)","decl":{"start":{"line":157,"column":12},"end":{"line":157,"column":13}},"loc":{"start":{"line":157,"column":18},"end":{"line":171,"column":7}},"line":157},"11":{"name":"(anonymous_11)","decl":{"start":{"line":159,"column":10},"end":{"line":159,"column":11}},"loc":{"start":{"line":159,"column":28},"end":{"line":165,"column":11}},"line":159},"12":{"name":"(anonymous_12)","decl":{"start":{"line":173,"column":16},"end":{"line":173,"column":17}},"loc":{"start":{"line":173,"column":40},"end":{"line":188,"column":5}},"line":173},"13":{"name":"(anonymous_13)","decl":{"start":{"line":191,"column":27},"end":{"line":191,"column":28}},"loc":{"start":{"line":191,"column":33},"end":{"line":214,"column":3}},"line":191},"14":{"name":"(anonymous_14)","decl":{"start":{"line":192,"column":29},"end":{"line":192,"column":30}},"loc":{"start":{"line":192,"column":36},"end":{"line":213,"column":5}},"line":192},"15":{"name":"(anonymous_15)","decl":{"start":{"line":194,"column":13},"end":{"line":194,"column":14}},"loc":{"start":{"line":194,"column":20},"end":{"line":209,"column":9}},"line":194},"16":{"name":"(anonymous_16)","decl":{"start":{"line":210,"column":16},"end":{"line":210,"column":17}},"loc":{"start":{"line":210,"column":23},"end":{"line":210,"column":38}},"line":210},"17":{"name":"(anonymous_17)","decl":{"start":{"line":217,"column":4},"end":{"line":217,"column":5}},"loc":{"start":{"line":217,"column":66},"end":{"line":225,"column":5}},"line":217}},"branchMap":{"0":{"loc":{"start":{"line":28,"column":2},"end":{"line":28,"column":67}},"type":"binary-expr","locations":[{"start":{"line":28,"column":2},"end":{"line":28,"column":40}},{"start":{"line":28,"column":44},"end":{"line":28,"column":67}}],"line":28},"1":{"loc":{"start":{"line":63,"column":6},"end":{"line":65,"column":7}},"type":"if","locations":[{"start":{"line":63,"column":6},"end":{"line":65,"column":7}},{"start":{},"end":{}}],"line":63},"2":{"loc":{"start":{"line":81,"column":24},"end":{"line":81,"column":61}},"type":"binary-expr","locations":[{"start":{"line":81,"column":24},"end":{"line":81,"column":46}},{"start":{"line":81,"column":50},"end":{"line":81,"column":61}}],"line":81},"3":{"loc":{"start":{"line":133,"column":4},"end":{"line":135,"column":23}},"type":"cond-expr","locations":[{"start":{"line":134,"column":8},"end":{"line":134,"column":43}},{"start":{"line":135,"column":8},"end":{"line":135,"column":23}}],"line":133},"4":{"loc":{"start":{"line":176,"column":6},"end":{"line":178,"column":7}},"type":"if","locations":[{"start":{"line":176,"column":6},"end":{"line":178,"column":7}},{"start":{},"end":{}}],"line":176},"5":{"loc":{"start":{"line":180,"column":6},"end":{"line":180,"column":32}},"type":"if","locations":[{"start":{"line":180,"column":6},"end":{"line":180,"column":32}},{"start":{},"end":{}}],"line":180},"6":{"loc":{"start":{"line":195,"column":10},"end":{"line":195,"column":42}},"type":"if","locations":[{"start":{"line":195,"column":10},"end":{"line":195,"column":42}},{"start":{},"end":{}}],"line":195},"7":{"loc":{"start":{"line":196,"column":10},"end":{"line":208,"column":11}},"type":"if","locations":[{"start":{"line":196,"column":10},"end":{"line":208,"column":11}},{"start":{},"end":{}}],"line":196},"8":{"loc":{"start":{"line":218,"column":6},"end":{"line":224,"column":7}},"type":"if","locations":[{"start":{"line":218,"column":6},"end":{"line":224,"column":7}},{"start":{"line":222,"column":13},"end":{"line":224,"column":7}}],"line":218}},"s":{"0":0,"1":0,"2":0,"3":0,"4":0,"5":0,"6":0,"7":0,"8":0,"9":0,"10":0,"11":0,"12":0,"13":0,"14":0,"15":0,"16":0,"17":0,"18":0,"19":0,"20":0,"21":0,"22":0,"23":0,"24":0,"25":0,"26":0,"27":0,"28":0,"29":0,"30":0,"31":0,"32":0,"33":0,"34":0,"35":0,"36":0,"37":0,"38":0,"39":0,"40":0,"41":0,"42":0,"43":0,"44":0,"45":0,"46":0,"47":0,"48":0,"49":0,"50":0,"51":0,"52":0,"53":0,"54":0,"55":0,"56":0,"57":0,"58":0},"f":{"0":0,"1":0,"2":0,"3":0,"4":0,"5":0,"6":0,"7":0,"8":0,"9":0,"10":0,"11":0,"12":0,"13":0,"14":0,"15":0,"16":0,"17":0},"b":{"0":[0,0],"1":[0,0],"2":[0,0],"3":[0,0],"4":[0,0],"5":[0,0],"6":[0,0],"7":[0,0],"8":[0,0]}}
,"D:\\ai-dresser\\app\\+native-intent.tsx": {"path":"D:\\ai-dresser\\app\\+native-intent.tsx","statementMap":{"0":{"start":{"line":5,"column":2},"end":{"line":5,"column":13}}},"fnMap":{"0":{"name":"redirectSystemPath","decl":{"start":{"line":1,"column":16},"end":{"line":1,"column":34}},"loc":{"start":{"line":4,"column":39},"end":{"line":6,"column":1}},"line":4}},"branchMap":{},"s":{"0":0},"f":{"0":0},"b":{}}
,"D:\\ai-dresser\\app\\+not-found.tsx": {"path":"D:\\ai-dresser\\app\\+not-found.tsx","statementMap":{"0":{"start":{"line":7,"column":2},"end":{"line":18,"column":4}},"1":{"start":{"line":21,"column":15},"end":{"line":43,"column":2}}},"fnMap":{"0":{"name":"NotFoundScreen","decl":{"start":{"line":6,"column":24},"end":{"line":6,"column":38}},"loc":{"start":{"line":6,"column":41},"end":{"line":19,"column":1}},"line":6}},"branchMap":{},"s":{"0":0,"1":0},"f":{"0":0},"b":{}}
,"D:\\ai-dresser\\app\\_layout.tsx": {"path":"D:\\ai-dresser\\app\\_layout.tsx","statementMap":{"0":{"start":{"line":12,"column":0},"end":{"line":12,"column":36}},"1":{"start":{"line":14,"column":20},"end":{"line":14,"column":37}},"2":{"start":{"line":17,"column":41},"end":{"line":17,"column":49}},"3":{"start":{"line":18,"column":19},"end":{"line":18,"column":32}},"4":{"start":{"line":19,"column":17},"end":{"line":19,"column":28}},"5":{"start":{"line":21,"column":2},"end":{"line":35,"column":45}},"6":{"start":{"line":22,"column":4},"end":{"line":22,"column":26}},"7":{"start":{"line":22,"column":19},"end":{"line":22,"column":26}},"8":{"start":{"line":24,"column":24},"end":{"line":24,"column":62}},"9":{"start":{"line":25,"column":25},"end":{"line":25,"column":59}},"10":{"start":{"line":28,"column":4},"end":{"line":34,"column":5}},"11":{"start":{"line":29,"column":6},"end":{"line":29,"column":52}},"12":{"start":{"line":32,"column":9},"end":{"line":34,"column":5}},"13":{"start":{"line":33,"column":6},"end":{"line":33,"column":39}},"14":{"start":{"line":37,"column":2},"end":{"line":64,"column":4}},"15":{"start":{"line":68,"column":2},"end":{"line":73,"column":9}},"16":{"start":{"line":69,"column":18},"end":{"line":71,"column":12}},"17":{"start":{"line":70,"column":6},"end":{"line":70,"column":31}},"18":{"start":{"line":72,"column":4},"end":{"line":72,"column":37}},"19":{"start":{"line":72,"column":17},"end":{"line":72,"column":36}},"20":{"start":{"line":75,"column":2},"end":{"line":83,"column":4}}},"fnMap":{"0":{"name":"RootLayoutNav","decl":{"start":{"line":16,"column":9},"end":{"line":16,"column":22}},"loc":{"start":{"line":16,"column":25},"end":{"line":65,"column":1}},"line":16},"1":{"name":"(anonymous_1)","decl":{"start":{"line":21,"column":12},"end":{"line":21,"column":13}},"loc":{"start":{"line":21,"column":18},"end":{"line":35,"column":3}},"line":21},"2":{"name":"RootLayout","decl":{"start":{"line":67,"column":24},"end":{"line":67,"column":34}},"loc":{"start":{"line":67,"column":37},"end":{"line":84,"column":1}},"line":67},"3":{"name":"(anonymous_3)","decl":{"start":{"line":68,"column":12},"end":{"line":68,"column":13}},"loc":{"start":{"line":68,"column":18},"end":{"line":73,"column":3}},"line":68},"4":{"name":"(anonymous_4)","decl":{"start":{"line":69,"column":29},"end":{"line":69,"column":30}},"loc":{"start":{"line":69,"column":35},"end":{"line":71,"column":5}},"line":69},"5":{"name":"(anonymous_5)","decl":{"start":{"line":72,"column":11},"end":{"line":72,"column":12}},"loc":{"start":{"line":72,"column":17},"end":{"line":72,"column":36}},"line":72}},"branchMap":{"0":{"loc":{"start":{"line":22,"column":4},"end":{"line":22,"column":26}},"type":"if","locations":[{"start":{"line":22,"column":4},"end":{"line":22,"column":26}},{"start":{},"end":{}}],"line":22},"1":{"loc":{"start":{"line":24,"column":24},"end":{"line":24,"column":62}},"type":"cond-expr","locations":[{"start":{"line":24,"column":38},"end":{"line":24,"column":57}},{"start":{"line":24,"column":60},"end":{"line":24,"column":62}}],"line":24},"2":{"loc":{"start":{"line":28,"column":4},"end":{"line":34,"column":5}},"type":"if","locations":[{"start":{"line":28,"column":4},"end":{"line":34,"column":5}},{"start":{"line":32,"column":9},"end":{"line":34,"column":5}}],"line":28},"3":{"loc":{"start":{"line":28,"column":8},"end":{"line":28,"column":41}},"type":"binary-expr","locations":[{"start":{"line":28,"column":8},"end":{"line":28,"column":24}},{"start":{"line":28,"column":28},"end":{"line":28,"column":41}}],"line":28},"4":{"loc":{"start":{"line":32,"column":9},"end":{"line":34,"column":5}},"type":"if","locations":[{"start":{"line":32,"column":9},"end":{"line":34,"column":5}},{"start":{},"end":{}}],"line":32},"5":{"loc":{"start":{"line":32,"column":13},"end":{"line":32,"column":44}},"type":"binary-expr","locations":[{"start":{"line":32,"column":13},"end":{"line":32,"column":28}},{"start":{"line":32,"column":32},"end":{"line":32,"column":44}}],"line":32}},"s":{"0":0,"1":0,"2":0,"3":0,"4":0,"5":0,"6":0,"7":0,"8":0,"9":0,"10":0,"11":0,"12":0,"13":0,"14":0,"15":0,"16":0,"17":0,"18":0,"19":0,"20":0},"f":{"0":0,"1":0,"2":0,"3":0,"4":0,"5":0},"b":{"0":[0,0],"1":[0,0],"2":[0,0],"3":[0,0],"4":[0,0],"5":[0,0]}}
,"D:\\ai-dresser\\app\\ai-stylist.tsx": {"path":"D:\\ai-dresser\\app\\ai-stylist.tsx","statementMap":{"0":{"start":{"line":29,"column":30},"end":{"line":29,"column":59}},"1":{"start":{"line":30,"column":42},"end":{"line":30,"column":64}},"2":{"start":{"line":31,"column":40},"end":{"line":31,"column":64}},"3":{"start":{"line":32,"column":42},"end":{"line":32,"column":66}},"4":{"start":{"line":33,"column":34},"end":{"line":33,"column":57}},"5":{"start":{"line":34,"column":36},"end":{"line":34,"column":74}},"6":{"start":{"line":35,"column":28},"end":{"line":35,"column":62}},"7":{"start":{"line":36,"column":46},"end":{"line":36,"column":70}},"8":{"start":{"line":37,"column":56},"end":{"line":37,"column":80}},"9":{"start":{"line":38,"column":20},"end":{"line":38,"column":44}},"10":{"start":{"line":39,"column":24},"end":{"line":39,"column":48}},"11":{"start":{"line":41,"column":20},"end":{"line":41,"column":57}},"12":{"start":{"line":42,"column":17},"end":{"line":42,"column":36}},"13":{"start":{"line":44,"column":2},"end":{"line":53,"column":46}},"14":{"start":{"line":45,"column":4},"end":{"line":52,"column":6}},"15":{"start":{"line":46,"column":6},"end":{"line":48,"column":7}},"16":{"start":{"line":47,"column":8},"end":{"line":47,"column":85}},"17":{"start":{"line":47,"column":41},"end":{"line":47,"column":83}},"18":{"start":{"line":49,"column":6},"end":{"line":51,"column":7}},"19":{"start":{"line":50,"column":8},"end":{"line":50,"column":100}},"20":{"start":{"line":50,"column":52},"end":{"line":50,"column":98}},"21":{"start":{"line":55,"column":2},"end":{"line":61,"column":17}},"22":{"start":{"line":56,"column":4},"end":{"line":60,"column":5}},"23":{"start":{"line":57,"column":6},"end":{"line":59,"column":14}},"24":{"start":{"line":58,"column":8},"end":{"line":58,"column":63}},"25":{"start":{"line":63,"column":21},"end":{"line":78,"column":3}},"26":{"start":{"line":64,"column":4},"end":{"line":77,"column":14}},"27":{"start":{"line":80,"column":20},"end":{"line":83,"column":3}},"28":{"start":{"line":81,"column":4},"end":{"line":81,"column":30}},"29":{"start":{"line":82,"column":4},"end":{"line":82,"column":26}},"30":{"start":{"line":85,"column":29},"end":{"line":87,"column":3}},"31":{"start":{"line":86,"column":4},"end":{"line":86,"column":68}},"32":{"start":{"line":86,"column":28},"end":{"line":86,"column":65}},"33":{"start":{"line":89,"column":25},"end":{"line":118,"column":3}},"34":{"start":{"line":90,"column":4},"end":{"line":117,"column":5}},"35":{"start":{"line":91,"column":6},"end":{"line":91,"column":53}},"36":{"start":{"line":92,"column":25},"end":{"line":92,"column":62}},"37":{"start":{"line":94,"column":6},"end":{"line":97,"column":7}},"38":{"start":{"line":95,"column":8},"end":{"line":95,"column":101}},"39":{"start":{"line":96,"column":8},"end":{"line":96,"column":15}},"40":{"start":{"line":99,"column":6},"end":{"line":102,"column":9}},"41":{"start":{"line":104,"column":6},"end":{"line":104,"column":43}},"42":{"start":{"line":105,"column":42},"end":{"line":107,"column":7}},"43":{"start":{"line":109,"column":6},"end":{"line":109,"column":33}},"44":{"start":{"line":110,"column":6},"end":{"line":110,"column":36}},"45":{"start":{"line":111,"column":6},"end":{"line":111,"column":27}},"46":{"start":{"line":112,"column":6},"end":{"line":112,"column":19}},"47":{"start":{"line":113,"column":6},"end":{"line":113,"column":39}},"48":{"start":{"line":115,"column":6},"end":{"line":115,"column":55}},"49":{"start":{"line":116,"column":6},"end":{"line":116,"column":75}},"50":{"start":{"line":120,"column":24},"end":{"line":151,"column":3}},"51":{"start":{"line":121,"column":4},"end":{"line":121,"column":50}},"52":{"start":{"line":121,"column":43},"end":{"line":121,"column":50}},"53":{"start":{"line":123,"column":4},"end":{"line":150,"column":5}},"54":{"start":{"line":124,"column":6},"end":{"line":124,"column":43}},"55":{"start":{"line":125,"column":6},"end":{"line":125,"column":28}},"56":{"start":{"line":126,"column":6},"end":{"line":126,"column":18}},"57":{"start":{"line":128,"column":18},"end":{"line":128,"column":36}},"58":{"start":{"line":129,"column":6},"end":{"line":129,"column":41}},"59":{"start":{"line":131,"column":6},"end":{"line":131,"column":43}},"60":{"start":{"line":132,"column":6},"end":{"line":132,"column":35}},"61":{"start":{"line":133,"column":6},"end":{"line":133,"column":25}},"62":{"start":{"line":135,"column":6},"end":{"line":137,"column":9}},"63":{"start":{"line":139,"column":6},"end":{"line":139,"column":39}},"64":{"start":{"line":141,"column":6},"end":{"line":144,"column":7}},"65":{"start":{"line":142,"column":8},"end":{"line":142,"column":93}},"66":{"start":{"line":142,"column":30},"end":{"line":142,"column":91}},"67":{"start":{"line":143,"column":8},"end":{"line":143,"column":30}},"68":{"start":{"line":146,"column":6},"end":{"line":146,"column":54}},"69":{"start":{"line":147,"column":6},"end":{"line":147,"column":35}},"70":{"start":{"line":148,"column":6},"end":{"line":148,"column":25}},"71":{"start":{"line":149,"column":6},"end":{"line":149,"column":59}},"72":{"start":{"line":153,"column":27},"end":{"line":159,"column":3}},"73":{"start":{"line":154,"column":4},"end":{"line":158,"column":5}},"74":{"start":{"line":155,"column":6},"end":{"line":155,"column":22}},"75":{"start":{"line":157,"column":6},"end":{"line":157,"column":23}},"76":{"start":{"line":161,"column":24},"end":{"line":216,"column":3}},"77":{"start":{"line":162,"column":4},"end":{"line":162,"column":26}},"78":{"start":{"line":164,"column":4},"end":{"line":215,"column":5}},"79":{"start":{"line":165,"column":6},"end":{"line":165,"column":47}},"80":{"start":{"line":166,"column":23},"end":{"line":180,"column":8}},"81":{"start":{"line":182,"column":6},"end":{"line":182,"column":44}},"82":{"start":{"line":184,"column":6},"end":{"line":203,"column":7}},"83":{"start":{"line":187,"column":8},"end":{"line":193,"column":9}},"84":{"start":{"line":188,"column":10},"end":{"line":188,"column":54}},"85":{"start":{"line":189,"column":10},"end":{"line":189,"column":69}},"86":{"start":{"line":190,"column":10},"end":{"line":190,"column":52}},"87":{"start":{"line":192,"column":10},"end":{"line":192,"column":65}},"88":{"start":{"line":195,"column":8},"end":{"line":198,"column":11}},"89":{"start":{"line":195,"column":30},"end":{"line":198,"column":9}},"90":{"start":{"line":200,"column":8},"end":{"line":202,"column":9}},"91":{"start":{"line":201,"column":10},"end":{"line":201,"column":36}},"92":{"start":{"line":205,"column":6},"end":{"line":205,"column":57}},"93":{"start":{"line":206,"column":6},"end":{"line":212,"column":9}},"94":{"start":{"line":206,"column":28},"end":{"line":212,"column":7}},"95":{"start":{"line":214,"column":6},"end":{"line":214,"column":29}},"96":{"start":{"line":218,"column":20},"end":{"line":249,"column":3}},"97":{"start":{"line":219,"column":4},"end":{"line":248,"column":5}},"98":{"start":{"line":220,"column":6},"end":{"line":220,"column":41}},"99":{"start":{"line":221,"column":6},"end":{"line":221,"column":30}},"100":{"start":{"line":223,"column":6},"end":{"line":229,"column":7}},"101":{"start":{"line":224,"column":8},"end":{"line":228,"column":9}},"102":{"start":{"line":225,"column":10},"end":{"line":225,"column":36}},"103":{"start":{"line":227,"column":10},"end":{"line":227,"column":54}},"104":{"start":{"line":231,"column":34},"end":{"line":234,"column":7}},"105":{"start":{"line":236,"column":6},"end":{"line":236,"column":25}},"106":{"start":{"line":238,"column":6},"end":{"line":242,"column":9}},"107":{"start":{"line":239,"column":8},"end":{"line":241,"column":9}},"108":{"start":{"line":240,"column":10},"end":{"line":240,"column":35}},"109":{"start":{"line":244,"column":6},"end":{"line":244,"column":33}},"110":{"start":{"line":246,"column":6},"end":{"line":246,"column":51}},"111":{"start":{"line":247,"column":6},"end":{"line":247,"column":31}},"112":{"start":{"line":251,"column":2},"end":{"line":257,"column":3}},"113":{"start":{"line":252,"column":4},"end":{"line":256,"column":6}},"114":{"start":{"line":259,"column":2},"end":{"line":275,"column":3}},"115":{"start":{"line":260,"column":4},"end":{"line":274,"column":6}},"116":{"start":{"line":270,"column":67},"end":{"line":270,"column":80}},"117":{"start":{"line":277,"column":2},"end":{"line":371,"column":4}},"118":{"start":{"line":286,"column":29},"end":{"line":286,"column":42}},"119":{"start":{"line":309,"column":20},"end":{"line":335,"column":27}},"120":{"start":{"line":329,"column":41},"end":{"line":329,"column":65}},"121":{"start":{"line":374,"column":15},"end":{"line":525,"column":2}}},"fnMap":{"0":{"name":"AIStylistScreen","decl":{"start":{"line":28,"column":24},"end":{"line":28,"column":39}},"loc":{"start":{"line":28,"column":42},"end":{"line":372,"column":1}},"line":28},"1":{"name":"(anonymous_1)","decl":{"start":{"line":44,"column":12},"end":{"line":44,"column":13}},"loc":{"start":{"line":44,"column":18},"end":{"line":53,"column":3}},"line":44},"2":{"name":"(anonymous_2)","decl":{"start":{"line":45,"column":11},"end":{"line":45,"column":12}},"loc":{"start":{"line":45,"column":17},"end":{"line":52,"column":5}},"line":45},"3":{"name":"(anonymous_3)","decl":{"start":{"line":47,"column":34},"end":{"line":47,"column":35}},"loc":{"start":{"line":47,"column":41},"end":{"line":47,"column":83}},"line":47},"4":{"name":"(anonymous_4)","decl":{"start":{"line":50,"column":45},"end":{"line":50,"column":46}},"loc":{"start":{"line":50,"column":52},"end":{"line":50,"column":98}},"line":50},"5":{"name":"(anonymous_5)","decl":{"start":{"line":55,"column":12},"end":{"line":55,"column":13}},"loc":{"start":{"line":55,"column":18},"end":{"line":61,"column":3}},"line":55},"6":{"name":"(anonymous_6)","decl":{"start":{"line":57,"column":17},"end":{"line":57,"column":18}},"loc":{"start":{"line":57,"column":23},"end":{"line":59,"column":7}},"line":57},"7":{"name":"(anonymous_7)","decl":{"start":{"line":63,"column":21},"end":{"line":63,"column":22}},"loc":{"start":{"line":63,"column":27},"end":{"line":78,"column":3}},"line":63},"8":{"name":"(anonymous_8)","decl":{"start":{"line":80,"column":20},"end":{"line":80,"column":21}},"loc":{"start":{"line":80,"column":26},"end":{"line":83,"column":3}},"line":80},"9":{"name":"(anonymous_9)","decl":{"start":{"line":85,"column":29},"end":{"line":85,"column":30}},"loc":{"start":{"line":85,"column":35},"end":{"line":87,"column":3}},"line":85},"10":{"name":"(anonymous_10)","decl":{"start":{"line":86,"column":14},"end":{"line":86,"column":15}},"loc":{"start":{"line":86,"column":28},"end":{"line":86,"column":65}},"line":86},"11":{"name":"(anonymous_11)","decl":{"start":{"line":89,"column":25},"end":{"line":89,"column":26}},"loc":{"start":{"line":89,"column":37},"end":{"line":118,"column":3}},"line":89},"12":{"name":"(anonymous_12)","decl":{"start":{"line":120,"column":24},"end":{"line":120,"column":25}},"loc":{"start":{"line":120,"column":36},"end":{"line":151,"column":3}},"line":120},"13":{"name":"(anonymous_13)","decl":{"start":{"line":142,"column":20},"end":{"line":142,"column":21}},"loc":{"start":{"line":142,"column":30},"end":{"line":142,"column":91}},"line":142},"14":{"name":"(anonymous_14)","decl":{"start":{"line":153,"column":27},"end":{"line":153,"column":28}},"loc":{"start":{"line":153,"column":33},"end":{"line":159,"column":3}},"line":153},"15":{"name":"(anonymous_15)","decl":{"start":{"line":161,"column":24},"end":{"line":161,"column":25}},"loc":{"start":{"line":161,"column":36},"end":{"line":216,"column":3}},"line":161},"16":{"name":"(anonymous_16)","decl":{"start":{"line":195,"column":20},"end":{"line":195,"column":21}},"loc":{"start":{"line":195,"column":30},"end":{"line":198,"column":9}},"line":195},"17":{"name":"(anonymous_17)","decl":{"start":{"line":206,"column":18},"end":{"line":206,"column":19}},"loc":{"start":{"line":206,"column":28},"end":{"line":212,"column":7}},"line":206},"18":{"name":"(anonymous_18)","decl":{"start":{"line":218,"column":20},"end":{"line":218,"column":21}},"loc":{"start":{"line":218,"column":43},"end":{"line":249,"column":3}},"line":218},"19":{"name":"(anonymous_19)","decl":{"start":{"line":238,"column":41},"end":{"line":238,"column":42}},"loc":{"start":{"line":238,"column":53},"end":{"line":242,"column":7}},"line":238},"20":{"name":"(anonymous_20)","decl":{"start":{"line":270,"column":61},"end":{"line":270,"column":62}},"loc":{"start":{"line":270,"column":67},"end":{"line":270,"column":80}},"line":270},"21":{"name":"(anonymous_21)","decl":{"start":{"line":286,"column":23},"end":{"line":286,"column":24}},"loc":{"start":{"line":286,"column":29},"end":{"line":286,"column":42}},"line":286},"22":{"name":"(anonymous_22)","decl":{"start":{"line":308,"column":42},"end":{"line":308,"column":43}},"loc":{"start":{"line":309,"column":20},"end":{"line":335,"column":27}},"line":309},"23":{"name":"(anonymous_23)","decl":{"start":{"line":329,"column":35},"end":{"line":329,"column":36}},"loc":{"start":{"line":329,"column":41},"end":{"line":329,"column":65}},"line":329}},"branchMap":{"0":{"loc":{"start":{"line":46,"column":6},"end":{"line":48,"column":7}},"type":"if","locations":[{"start":{"line":46,"column":6},"end":{"line":48,"column":7}},{"start":{},"end":{}}],"line":46},"1":{"loc":{"start":{"line":49,"column":6},"end":{"line":51,"column":7}},"type":"if","locations":[{"start":{"line":49,"column":6},"end":{"line":51,"column":7}},{"start":{},"end":{}}],"line":49},"2":{"loc":{"start":{"line":49,"column":10},"end":{"line":49,"column":43}},"type":"binary-expr","locations":[{"start":{"line":49,"column":10},"end":{"line":49,"column":19}},{"start":{"line":49,"column":23},"end":{"line":49,"column":43}}],"line":49},"3":{"loc":{"start":{"line":56,"column":4},"end":{"line":60,"column":5}},"type":"if","locations":[{"start":{"line":56,"column":4},"end":{"line":60,"column":5}},{"start":{},"end":{}}],"line":56},"4":{"loc":{"start":{"line":86,"column":28},"end":{"line":86,"column":65}},"type":"cond-expr","locations":[{"start":{"line":86,"column":49},"end":{"line":86,"column":56}},{"start":{"line":86,"column":59},"end":{"line":86,"column":65}}],"line":86},"5":{"loc":{"start":{"line":94,"column":6},"end":{"line":97,"column":7}},"type":"if","locations":[{"start":{"line":94,"column":6},"end":{"line":97,"column":7}},{"start":{},"end":{}}],"line":94},"6":{"loc":{"start":{"line":121,"column":4},"end":{"line":121,"column":50}},"type":"if","locations":[{"start":{"line":121,"column":4},"end":{"line":121,"column":50}},{"start":{},"end":{}}],"line":121},"7":{"loc":{"start":{"line":121,"column":8},"end":{"line":121,"column":41}},"type":"binary-expr","locations":[{"start":{"line":121,"column":8},"end":{"line":121,"column":18}},{"start":{"line":121,"column":22},"end":{"line":121,"column":41}}],"line":121},"8":{"loc":{"start":{"line":141,"column":6},"end":{"line":144,"column":7}},"type":"if","locations":[{"start":{"line":141,"column":6},"end":{"line":144,"column":7}},{"start":{},"end":{}}],"line":141},"9":{"loc":{"start":{"line":154,"column":4},"end":{"line":158,"column":5}},"type":"if","locations":[{"start":{"line":154,"column":4},"end":{"line":158,"column":5}},{"start":{"line":156,"column":11},"end":{"line":158,"column":5}}],"line":154},"10":{"loc":{"start":{"line":184,"column":6},"end":{"line":203,"column":7}},"type":"if","locations":[{"start":{"line":184,"column":6},"end":{"line":203,"column":7}},{"start":{},"end":{}}],"line":184},"11":{"loc":{"start":{"line":200,"column":8},"end":{"line":202,"column":9}},"type":"if","locations":[{"start":{"line":200,"column":8},"end":{"line":202,"column":9}},{"start":{},"end":{}}],"line":200},"12":{"loc":{"start":{"line":223,"column":6},"end":{"line":229,"column":7}},"type":"if","locations":[{"start":{"line":223,"column":6},"end":{"line":229,"column":7}},{"start":{},"end":{}}],"line":223},"13":{"loc":{"start":{"line":232,"column":8},"end":{"line":232,"column":49}},"type":"cond-expr","locations":[{"start":{"line":232,"column":32},"end":{"line":232,"column":39}},{"start":{"line":232,"column":42},"end":{"line":232,"column":49}}],"line":232},"14":{"loc":{"start":{"line":239,"column":8},"end":{"line":241,"column":9}},"type":"if","locations":[{"start":{"line":239,"column":8},"end":{"line":241,"column":9}},{"start":{},"end":{}}],"line":239},"15":{"loc":{"start":{"line":239,"column":12},"end":{"line":239,"column":51}},"type":"binary-expr","locations":[{"start":{"line":239,"column":12},"end":{"line":239,"column":27}},{"start":{"line":239,"column":31},"end":{"line":239,"column":51}}],"line":239},"16":{"loc":{"start":{"line":251,"column":2},"end":{"line":257,"column":3}},"type":"if","locations":[{"start":{"line":251,"column":2},"end":{"line":257,"column":3}},{"start":{},"end":{}}],"line":251},"17":{"loc":{"start":{"line":259,"column":2},"end":{"line":275,"column":3}},"type":"if","locations":[{"start":{"line":259,"column":2},"end":{"line":275,"column":3}},{"start":{},"end":{}}],"line":259},"18":{"loc":{"start":{"line":300,"column":13},"end":{"line":344,"column":13}},"type":"binary-expr","locations":[{"start":{"line":300,"column":13},"end":{"line":300,"column":32}},{"start":{"line":301,"column":14},"end":{"line":343,"column":21}}],"line":300},"19":{"loc":{"start":{"line":313,"column":24},"end":{"line":313,"column":88}},"type":"cond-expr","locations":[{"start":{"line":313,"column":46},"end":{"line":313,"column":63}},{"start":{"line":313,"column":66},"end":{"line":313,"column":88}}],"line":313},"20":{"loc":{"start":{"line":320,"column":28},"end":{"line":320,"column":88}},"type":"cond-expr","locations":[{"start":{"line":320,"column":50},"end":{"line":320,"column":65}},{"start":{"line":320,"column":68},"end":{"line":320,"column":88}}],"line":320},"21":{"loc":{"start":{"line":326,"column":23},"end":{"line":334,"column":23}},"type":"binary-expr","locations":[{"start":{"line":326,"column":23},"end":{"line":326,"column":35}},{"start":{"line":326,"column":39},"end":{"line":326,"column":63}},{"start":{"line":327,"column":24},"end":{"line":333,"column":43}}],"line":326},"22":{"loc":{"start":{"line":337,"column":19},"end":{"line":341,"column":19}},"type":"binary-expr","locations":[{"start":{"line":337,"column":19},"end":{"line":337,"column":31}},{"start":{"line":338,"column":20},"end":{"line":340,"column":27}}],"line":337},"23":{"loc":{"start":{"line":351,"column":20},"end":{"line":351,"column":57}},"type":"binary-expr","locations":[{"start":{"line":351,"column":20},"end":{"line":351,"column":31}},{"start":{"line":351,"column":35},"end":{"line":351,"column":57}}],"line":351},"24":{"loc":{"start":{"line":356,"column":19},"end":{"line":360,"column":19}},"type":"cond-expr","locations":[{"start":{"line":357,"column":20},"end":{"line":357,"column":61}},{"start":{"line":359,"column":20},"end":{"line":359,"column":58}}],"line":356},"25":{"loc":{"start":{"line":364,"column":17},"end":{"line":364,"column":61}},"type":"cond-expr","locations":[{"start":{"line":364,"column":31},"end":{"line":364,"column":44}},{"start":{"line":364,"column":47},"end":{"line":364,"column":61}}],"line":364}},"s":{"0":0,"1":0,"2":0,"3":0,"4":0,"5":0,"6":0,"7":0,"8":0,"9":0,"10":0,"11":0,"12":0,"13":0,"14":0,"15":0,"16":0,"17":0,"18":0,"19":0,"20":0,"21":0,"22":0,"23":0,"24":0,"25":0,"26":0,"27":0,"28":0,"29":0,"30":0,"31":0,"32":0,"33":0,"34":0,"35":0,"36":0,"37":0,"38":0,"39":0,"40":0,"41":0,"42":0,"43":0,"44":0,"45":0,"46":0,"47":0,"48":0,"49":0,"50":0,"51":0,"52":0,"53":0,"54":0,"55":0,"56":0,"57":0,"58":0,"59":0,"60":0,"61":0,"62":0,"63":0,"64":0,"65":0,"66":0,"67":0,"68":0,"69":0,"70":0,"71":0,"72":0,"73":0,"74":0,"75":0,"76":0,"77":0,"78":0,"79":0,"80":0,"81":0,"82":0,"83":0,"84":0,"85":0,"86":0,"87":0,"88":0,"89":0,"90":0,"91":0,"92":0,"93":0,"94":0,"95":0,"96":0,"97":0,"98":0,"99":0,"100":0,"101":0,"102":0,"103":0,"104":0,"105":0,"106":0,"107":0,"108":0,"109":0,"110":0,"111":0,"112":0,"113":0,"114":0,"115":0,"116":0,"117":0,"118":0,"119":0,"120":0,"121":0},"f":{"0":0,"1":0,"2":0,"3":0,"4":0,"5":0,"6":0,"7":0,"8":0,"9":0,"10":0,"11":0,"12":0,"13":0,"14":0,"15":0,"16":0,"17":0,"18":0,"19":0,"20":0,"21":0,"22":0,"23":0},"b":{"0":[0,0],"1":[0,0],"2":[0,0],"3":[0,0],"4":[0,0],"5":[0,0],"6":[0,0],"7":[0,0],"8":[0,0],"9":[0,0],"10":[0,0],"11":[0,0],"12":[0,0],"13":[0,0],"14":[0,0],"15":[0,0],"16":[0,0],"17":[0,0],"18":[0,0],"19":[0,0],"20":[0,0],"21":[0,0,0],"22":[0,0],"23":[0,0],"24":[0,0],"25":[0,0]}}
,"D:\\ai-dresser\\app\\onboarding-tutorial.tsx": {"path":"D:\\ai-dresser\\app\\onboarding-tutorial.tsx","statementMap":{},"fnMap":{},"branchMap":{"0":{"loc":{"start":{"line":15,"column":15},"end":{"line":15,"column":85}},"type":"cond-expr","locations":[{"start":{"line":15,"column":39},"end":{"line":15,"column":62}},{"start":{"line":15,"column":65},"end":{"line":15,"column":85}}],"line":15}},"s":{},"f":{},"b":{"0":[0,0]}}
,"D:\\ai-dresser\\app\\onboarding-user-info.tsx": {"path":"D:\\ai-dresser\\app\\onboarding-user-info.tsx","statementMap":{},"fnMap":{},"branchMap":{},"s":{},"f":{},"b":{}}
,"D:\\ai-dresser\\app\\onboarding.tsx": {"path":"D:\\ai-dresser\\app\\onboarding.tsx","statementMap":{},"fnMap":{},"branchMap":{},"s":{},"f":{},"b":{}}
,"D:\\ai-dresser\\app\\outfit-scorer.tsx": {"path":"D:\\ai-dresser\\app\\outfit-scorer.tsx","statementMap":{"0":{"start":{"line":33,"column":44},"end":{"line":33,"column":73}},"1":{"start":{"line":34,"column":40},"end":{"line":34,"column":64}},"2":{"start":{"line":35,"column":30},"end":{"line":35,"column":66}},"3":{"start":{"line":36,"column":22},"end":{"line":36,"column":53}},"4":{"start":{"line":37,"column":42},"end":{"line":37,"column":61}},"5":{"start":{"line":38,"column":32},"end":{"line":38,"column":52}},"6":{"start":{"line":40,"column":17},"end":{"line":40,"column":36}},"7":{"start":{"line":42,"column":20},"end":{"line":62,"column":3}},"8":{"start":{"line":43,"column":29},"end":{"line":43,"column":84}},"9":{"start":{"line":45,"column":4},"end":{"line":48,"column":5}},"10":{"start":{"line":46,"column":6},"end":{"line":46,"column":57}},"11":{"start":{"line":47,"column":6},"end":{"line":47,"column":13}},"12":{"start":{"line":50,"column":19},"end":{"line":55,"column":6}},"13":{"start":{"line":57,"column":4},"end":{"line":61,"column":5}},"14":{"start":{"line":58,"column":6},"end":{"line":58,"column":45}},"15":{"start":{"line":59,"column":6},"end":{"line":59,"column":22}},"16":{"start":{"line":60,"column":6},"end":{"line":60,"column":21}},"17":{"start":{"line":64,"column":20},"end":{"line":83,"column":3}},"18":{"start":{"line":65,"column":29},"end":{"line":65,"column":78}},"19":{"start":{"line":67,"column":4},"end":{"line":70,"column":5}},"20":{"start":{"line":68,"column":6},"end":{"line":68,"column":56}},"21":{"start":{"line":69,"column":6},"end":{"line":69,"column":13}},"22":{"start":{"line":72,"column":19},"end":{"line":76,"column":6}},"23":{"start":{"line":78,"column":4},"end":{"line":82,"column":5}},"24":{"start":{"line":79,"column":6},"end":{"line":79,"column":45}},"25":{"start":{"line":80,"column":6},"end":{"line":80,"column":22}},"26":{"start":{"line":81,"column":6},"end":{"line":81,"column":21}},"27":{"start":{"line":85,"column":24},"end":{"line":146,"column":3}},"28":{"start":{"line":86,"column":4},"end":{"line":86,"column":31}},"29":{"start":{"line":86,"column":24},"end":{"line":86,"column":31}},"30":{"start":{"line":88,"column":4},"end":{"line":88,"column":25}},"31":{"start":{"line":89,"column":4},"end":{"line":89,"column":20}},"32":{"start":{"line":91,"column":4},"end":{"line":145,"column":5}},"33":{"start":{"line":92,"column":6},"end":{"line":92,"column":51}},"34":{"start":{"line":93,"column":26},"end":{"line":93,"column":67}},"35":{"start":{"line":95,"column":6},"end":{"line":95,"column":49}},"36":{"start":{"line":96,"column":26},"end":{"line":96,"column":155}},"37":{"start":{"line":97,"column":21},"end":{"line":115,"column":44}},"38":{"start":{"line":117,"column":23},"end":{"line":117,"column":71}},"39":{"start":{"line":118,"column":6},"end":{"line":118,"column":44}},"40":{"start":{"line":120,"column":24},"end":{"line":120,"column":53}},"41":{"start":{"line":121,"column":6},"end":{"line":123,"column":7}},"42":{"start":{"line":122,"column":8},"end":{"line":122,"column":51}},"43":{"start":{"line":125,"column":42},"end":{"line":125,"column":66}},"44":{"start":{"line":127,"column":6},"end":{"line":127,"column":30}},"45":{"start":{"line":128,"column":6},"end":{"line":128,"column":28}},"46":{"start":{"line":130,"column":6},"end":{"line":130,"column":28}},"47":{"start":{"line":131,"column":6},"end":{"line":133,"column":9}},"48":{"start":{"line":132,"column":8},"end":{"line":132,"column":43}},"49":{"start":{"line":134,"column":6},"end":{"line":139,"column":17}},"50":{"start":{"line":141,"column":6},"end":{"line":141,"column":54}},"51":{"start":{"line":142,"column":6},"end":{"line":142,"column":28}},"52":{"start":{"line":143,"column":27},"end":{"line":143,"column":83}},"53":{"start":{"line":144,"column":6},"end":{"line":144,"column":76}},"54":{"start":{"line":148,"column":24},"end":{"line":152,"column":3}},"55":{"start":{"line":149,"column":4},"end":{"line":149,"column":43}},"56":{"start":{"line":149,"column":21},"end":{"line":149,"column":43}},"57":{"start":{"line":150,"column":4},"end":{"line":150,"column":43}},"58":{"start":{"line":150,"column":21},"end":{"line":150,"column":43}},"59":{"start":{"line":151,"column":4},"end":{"line":151,"column":26}},"60":{"start":{"line":154,"column":2},"end":{"line":309,"column":4}},"61":{"start":{"line":161,"column":12},"end":{"line":163,"column":31}},"62":{"start":{"line":161,"column":45},"end":{"line":161,"column":58}},"63":{"start":{"line":202,"column":18},"end":{"line":202,"column":41}},"64":{"start":{"line":203,"column":18},"end":{"line":203,"column":34}},"65":{"start":{"line":204,"column":18},"end":{"line":204,"column":33}},"66":{"start":{"line":276,"column":20},"end":{"line":279,"column":27}},"67":{"start":{"line":286,"column":20},"end":{"line":289,"column":27}},"68":{"start":{"line":296,"column":20},"end":{"line":296,"column":43}},"69":{"start":{"line":297,"column":20},"end":{"line":297,"column":36}},"70":{"start":{"line":298,"column":20},"end":{"line":298,"column":35}},"71":{"start":{"line":312,"column":15},"end":{"line":568,"column":2}}},"fnMap":{"0":{"name":"OutfitScorerScreen","decl":{"start":{"line":32,"column":24},"end":{"line":32,"column":42}},"loc":{"start":{"line":32,"column":45},"end":{"line":310,"column":1}},"line":32},"1":{"name":"(anonymous_1)","decl":{"start":{"line":42,"column":20},"end":{"line":42,"column":21}},"loc":{"start":{"line":42,"column":32},"end":{"line":62,"column":3}},"line":42},"2":{"name":"(anonymous_2)","decl":{"start":{"line":64,"column":20},"end":{"line":64,"column":21}},"loc":{"start":{"line":64,"column":32},"end":{"line":83,"column":3}},"line":64},"3":{"name":"(anonymous_3)","decl":{"start":{"line":85,"column":24},"end":{"line":85,"column":25}},"loc":{"start":{"line":85,"column":36},"end":{"line":146,"column":3}},"line":85},"4":{"name":"(anonymous_4)","decl":{"start":{"line":131,"column":28},"end":{"line":131,"column":29}},"loc":{"start":{"line":131,"column":43},"end":{"line":133,"column":7}},"line":131},"5":{"name":"(anonymous_5)","decl":{"start":{"line":148,"column":24},"end":{"line":148,"column":25}},"loc":{"start":{"line":148,"column":51},"end":{"line":152,"column":3}},"line":148},"6":{"name":"(anonymous_6)","decl":{"start":{"line":160,"column":22},"end":{"line":160,"column":23}},"loc":{"start":{"line":161,"column":12},"end":{"line":163,"column":31}},"line":161},"7":{"name":"(anonymous_7)","decl":{"start":{"line":161,"column":39},"end":{"line":161,"column":40}},"loc":{"start":{"line":161,"column":45},"end":{"line":161,"column":58}},"line":161},"8":{"name":"(anonymous_8)","decl":{"start":{"line":201,"column":25},"end":{"line":201,"column":26}},"loc":{"start":{"line":201,"column":31},"end":{"line":205,"column":17}},"line":201},"9":{"name":"(anonymous_9)","decl":{"start":{"line":275,"column":40},"end":{"line":275,"column":41}},"loc":{"start":{"line":276,"column":20},"end":{"line":279,"column":27}},"line":276},"10":{"name":"(anonymous_10)","decl":{"start":{"line":285,"column":43},"end":{"line":285,"column":44}},"loc":{"start":{"line":286,"column":20},"end":{"line":289,"column":27}},"line":286},"11":{"name":"(anonymous_11)","decl":{"start":{"line":295,"column":27},"end":{"line":295,"column":28}},"loc":{"start":{"line":295,"column":33},"end":{"line":299,"column":19}},"line":295}},"branchMap":{"0":{"loc":{"start":{"line":45,"column":4},"end":{"line":48,"column":5}},"type":"if","locations":[{"start":{"line":45,"column":4},"end":{"line":48,"column":5}},{"start":{},"end":{}}],"line":45},"1":{"loc":{"start":{"line":57,"column":4},"end":{"line":61,"column":5}},"type":"if","locations":[{"start":{"line":57,"column":4},"end":{"line":61,"column":5}},{"start":{},"end":{}}],"line":57},"2":{"loc":{"start":{"line":57,"column":8},"end":{"line":57,"column":44}},"type":"binary-expr","locations":[{"start":{"line":57,"column":8},"end":{"line":57,"column":24}},{"start":{"line":57,"column":28},"end":{"line":57,"column":44}}],"line":57},"3":{"loc":{"start":{"line":67,"column":4},"end":{"line":70,"column":5}},"type":"if","locations":[{"start":{"line":67,"column":4},"end":{"line":70,"column":5}},{"start":{},"end":{}}],"line":67},"4":{"loc":{"start":{"line":78,"column":4},"end":{"line":82,"column":5}},"type":"if","locations":[{"start":{"line":78,"column":4},"end":{"line":82,"column":5}},{"start":{},"end":{}}],"line":78},"5":{"loc":{"start":{"line":78,"column":8},"end":{"line":78,"column":44}},"type":"binary-expr","locations":[{"start":{"line":78,"column":8},"end":{"line":78,"column":24}},{"start":{"line":78,"column":28},"end":{"line":78,"column":44}}],"line":78},"6":{"loc":{"start":{"line":86,"column":4},"end":{"line":86,"column":31}},"type":"if","locations":[{"start":{"line":86,"column":4},"end":{"line":86,"column":31}},{"start":{},"end":{}}],"line":86},"7":{"loc":{"start":{"line":96,"column":26},"end":{"line":96,"column":155}},"type":"cond-expr","locations":[{"start":{"line":96,"column":43},"end":{"line":96,"column":150}},{"start":{"line":96,"column":153},"end":{"line":96,"column":155}}],"line":96},"8":{"loc":{"start":{"line":111,"column":25},"end":{"line":111,"column":66}},"type":"cond-expr","locations":[{"start":{"line":111,"column":42},"end":{"line":111,"column":61}},{"start":{"line":111,"column":64},"end":{"line":111,"column":66}}],"line":111},"9":{"loc":{"start":{"line":121,"column":6},"end":{"line":123,"column":7}},"type":"if","locations":[{"start":{"line":121,"column":6},"end":{"line":123,"column":7}},{"start":{},"end":{}}],"line":121},"10":{"loc":{"start":{"line":143,"column":27},"end":{"line":143,"column":83}},"type":"cond-expr","locations":[{"start":{"line":143,"column":52},"end":{"line":143,"column":65}},{"start":{"line":143,"column":68},"end":{"line":143,"column":83}}],"line":143},"11":{"loc":{"start":{"line":149,"column":4},"end":{"line":149,"column":43}},"type":"if","locations":[{"start":{"line":149,"column":4},"end":{"line":149,"column":43}},{"start":{},"end":{}}],"line":149},"12":{"loc":{"start":{"line":150,"column":4},"end":{"line":150,"column":43}},"type":"if","locations":[{"start":{"line":150,"column":4},"end":{"line":150,"column":43}},{"start":{},"end":{}}],"line":150},"13":{"loc":{"start":{"line":173,"column":9},"end":{"line":306,"column":9}},"type":"cond-expr","locations":[{"start":{"line":174,"column":10},"end":{"line":194,"column":17}},{"start":{"line":196,"column":10},"end":{"line":305,"column":17}}],"line":173},"14":{"loc":{"start":{"line":211,"column":13},"end":{"line":223,"column":13}},"type":"binary-expr","locations":[{"start":{"line":211,"column":13},"end":{"line":211,"column":20}},{"start":{"line":211,"column":24},"end":{"line":211,"column":36}},{"start":{"line":212,"column":14},"end":{"line":222,"column":21}}],"line":211},"15":{"loc":{"start":{"line":225,"column":13},"end":{"line":237,"column":13}},"type":"binary-expr","locations":[{"start":{"line":225,"column":13},"end":{"line":225,"column":20}},{"start":{"line":225,"column":24},"end":{"line":225,"column":36}},{"start":{"line":226,"column":14},"end":{"line":236,"column":33}}],"line":225},"16":{"loc":{"start":{"line":239,"column":13},"end":{"line":244,"column":13}},"type":"binary-expr","locations":[{"start":{"line":239,"column":13},"end":{"line":239,"column":24}},{"start":{"line":240,"column":14},"end":{"line":243,"column":21}}],"line":239},"17":{"loc":{"start":{"line":246,"column":13},"end":{"line":304,"column":13}},"type":"binary-expr","locations":[{"start":{"line":246,"column":13},"end":{"line":246,"column":19}},{"start":{"line":247,"column":14},"end":{"line":303,"column":21}}],"line":246}},"s":{"0":0,"1":0,"2":0,"3":0,"4":0,"5":0,"6":0,"7":0,"8":0,"9":0,"10":0,"11":0,"12":0,"13":0,"14":0,"15":0,"16":0,"17":0,"18":0,"19":0,"20":0,"21":0,"22":0,"23":0,"24":0,"25":0,"26":0,"27":0,"28":0,"29":0,"30":0,"31":0,"32":0,"33":0,"34":0,"35":0,"36":0,"37":0,"38":0,"39":0,"40":0,"41":0,"42":0,"43":0,"44":0,"45":0,"46":0,"47":0,"48":0,"49":0,"50":0,"51":0,"52":0,"53":0,"54":0,"55":0,"56":0,"57":0,"58":0,"59":0,"60":0,"61":0,"62":0,"63":0,"64":0,"65":0,"66":0,"67":0,"68":0,"69":0,"70":0,"71":0},"f":{"0":0,"1":0,"2":0,"3":0,"4":0,"5":0,"6":0,"7":0,"8":0,"9":0,"10":0,"11":0},"b":{"0":[0,0],"1":[0,0],"2":[0,0],"3":[0,0],"4":[0,0],"5":[0,0],"6":[0,0],"7":[0,0],"8":[0,0],"9":[0,0],"10":[0,0],"11":[0,0],"12":[0,0],"13":[0,0],"14":[0,0,0],"15":[0,0,0],"16":[0,0],"17":[0,0]}}
,"D:\\ai-dresser\\app\\profile.tsx": {"path":"D:\\ai-dresser\\app\\profile.tsx","statementMap":{},"fnMap":{},"branchMap":{},"s":{},"f":{},"b":{}}
,"D:\\ai-dresser\\app\\(tabs)\\_layout.tsx": {"path":"D:\\ai-dresser\\app\\(tabs)\\_layout.tsx","statementMap":{"0":{"start":{"line":13,"column":17},"end":{"line":13,"column":28}},"1":{"start":{"line":14,"column":36},"end":{"line":14,"column":44}},"2":{"start":{"line":15,"column":22},"end":{"line":15,"column":38}},"3":{"start":{"line":16,"column":21},"end":{"line":16,"column":66}},"4":{"start":{"line":17,"column":26},"end":{"line":17,"column":46}},"5":{"start":{"line":19,"column":24},"end":{"line":32,"column":3}},"6":{"start":{"line":20,"column":4},"end":{"line":31,"column":23}},"7":{"start":{"line":22,"column":21},"end":{"line":22,"column":51}},"8":{"start":{"line":34,"column":20},"end":{"line":52,"column":3}},"9":{"start":{"line":36,"column":53},"end":{"line":38,"column":41}},"10":{"start":{"line":40,"column":4},"end":{"line":51,"column":6}},"11":{"start":{"line":54,"column":2},"end":{"line":91,"column":4}},"12":{"start":{"line":72,"column":27},"end":{"line":72,"column":44}},"13":{"start":{"line":79,"column":29},"end":{"line":79,"column":42}},"14":{"start":{"line":80,"column":43},"end":{"line":80,"column":77}},"15":{"start":{"line":87,"column":43},"end":{"line":87,"column":81}},"16":{"start":{"line":94,"column":15},"end":{"line":140,"column":2}}},"fnMap":{"0":{"name":"TabLayout","decl":{"start":{"line":12,"column":24},"end":{"line":12,"column":33}},"loc":{"start":{"line":12,"column":36},"end":{"line":92,"column":1}},"line":12},"1":{"name":"(anonymous_1)","decl":{"start":{"line":19,"column":24},"end":{"line":19,"column":25}},"loc":{"start":{"line":20,"column":4},"end":{"line":31,"column":23}},"line":20},"2":{"name":"(anonymous_2)","decl":{"start":{"line":22,"column":15},"end":{"line":22,"column":16}},"loc":{"start":{"line":22,"column":21},"end":{"line":22,"column":51}},"line":22},"3":{"name":"(anonymous_3)","decl":{"start":{"line":34,"column":20},"end":{"line":34,"column":21}},"loc":{"start":{"line":34,"column":26},"end":{"line":52,"column":3}},"line":34},"4":{"name":"(anonymous_4)","decl":{"start":{"line":72,"column":21},"end":{"line":72,"column":22}},"loc":{"start":{"line":72,"column":27},"end":{"line":72,"column":44}},"line":72},"5":{"name":"(anonymous_5)","decl":{"start":{"line":79,"column":23},"end":{"line":79,"column":24}},"loc":{"start":{"line":79,"column":29},"end":{"line":79,"column":42}},"line":79},"6":{"name":"(anonymous_6)","decl":{"start":{"line":80,"column":22},"end":{"line":80,"column":23}},"loc":{"start":{"line":80,"column":43},"end":{"line":80,"column":77}},"line":80},"7":{"name":"(anonymous_7)","decl":{"start":{"line":87,"column":22},"end":{"line":87,"column":23}},"loc":{"start":{"line":87,"column":43},"end":{"line":87,"column":81}},"line":87}},"branchMap":{"0":{"loc":{"start":{"line":16,"column":21},"end":{"line":16,"column":66}},"type":"binary-expr","locations":[{"start":{"line":16,"column":21},"end":{"line":16,"column":43}},{"start":{"line":16,"column":47},"end":{"line":16,"column":66}}],"line":16},"1":{"loc":{"start":{"line":24,"column":7},"end":{"line":30,"column":7}},"type":"cond-expr","locations":[{"start":{"line":25,"column":8},"end":{"line":25,"column":88}},{"start":{"line":27,"column":8},"end":{"line":29,"column":19}}],"line":24},"2":{"loc":{"start":{"line":27,"column":39},"end":{"line":27,"column":68}},"type":"cond-expr","locations":[{"start":{"line":27,"column":52},"end":{"line":27,"column":58}},{"start":{"line":27,"column":61},"end":{"line":27,"column":68}}],"line":27},"3":{"loc":{"start":{"line":28,"column":33},"end":{"line":28,"column":75}},"type":"cond-expr","locations":[{"start":{"line":28,"column":46},"end":{"line":28,"column":58}},{"start":{"line":28,"column":61},"end":{"line":28,"column":75}}],"line":28},"4":{"loc":{"start":{"line":36,"column":53},"end":{"line":38,"column":41}},"type":"cond-expr","locations":[{"start":{"line":37,"column":8},"end":{"line":37,"column":41}},{"start":{"line":38,"column":8},"end":{"line":38,"column":41}}],"line":36}},"s":{"0":0,"1":0,"2":0,"3":0,"4":0,"5":0,"6":0,"7":0,"8":0,"9":0,"10":0,"11":0,"12":0,"13":0,"14":0,"15":0,"16":0},"f":{"0":0,"1":0,"2":0,"3":0,"4":0,"5":0,"6":0,"7":0},"b":{"0":[0,0],"1":[0,0],"2":[0,0],"3":[0,0],"4":[0,0]}}
,"D:\\ai-dresser\\app\\(tabs)\\index.tsx": {"path":"D:\\ai-dresser\\app\\(tabs)\\index.tsx","statementMap":{},"fnMap":{},"branchMap":{},"s":{},"f":{},"b":{}}
,"D:\\ai-dresser\\app\\(tabs)\\settings.tsx": {"path":"D:\\ai-dresser\\app\\(tabs)\\settings.tsx","statementMap":{},"fnMap":{},"branchMap":{},"s":{},"f":{},"b":{}}
[...]
{"line":272,"column":78}},"61":{"start":{"line":272,"column":60},"end":{"line":272,"column":77}},"62":{"start":{"line":273,"column":30},"end":{"line":273,"column":75}},"63":{"start":{"line":273,"column":36},"end":{"line":273,"column":75}},"64":{"start":{"line":273,"column":60},"end":{"line":273,"column":74}},"65":{"start":{"line":274,"column":29},"end":{"line":274,"column":85}},"66":{"start":{"line":274,"column":35},"end":{"line":274,"column":85}},"67":{"start":{"line":274,"column":59},"end":{"line":274,"column":84}}},"fnMap":{"0":{"name":"(anonymous_0)","decl":{"start":{"line":100,"column":46},"end":{"line":100,"column":47}},"loc":{"start":{"line":100,"column":61},"end":{"line":265,"column":1}},"line":100},"1":{"name":"(anonymous_1)","decl":{"start":{"line":112,"column":18},"end":{"line":112,"column":19}},"loc":{"start":{"line":112,"column":30},"end":{"line":140,"column":3}},"line":112},"2":{"name":"(anonymous_2)","decl":{"start":{"line":146,"column":21},"end":{"line":146,"column":22}},"loc":{"start":{"line":146,"column":62},"end":{"line":164,"column":3}},"line":146},"3":{"name":"(anonymous_3)","decl":{"start":{"line":170,"column":10},"end":{"line":170,"column":11}},"loc":{"start":{"line":170,"column":22},"end":{"line":181,"column":3}},"line":170},"4":{"name":"(anonymous_4)","decl":{"start":{"line":187,"column":18},"end":{"line":187,"column":19}},"loc":{"start":{"line":187,"column":59},"end":{"line":202,"column":3}},"line":187},"5":{"name":"(anonymous_5)","decl":{"start":{"line":208,"column":16},"end":{"line":208,"column":17}},"loc":{"start":{"line":208,"column":76},"end":{"line":232,"column":3}},"line":208},"6":{"name":"(anonymous_6)","decl":{"start":{"line":237,"column":16},"end":{"line":237,"column":17}},"loc":{"start":{"line":237,"column":28},"end":{"line":245,"column":3}},"line":237},"7":{"name":"(anonymous_7)","decl":{"start":{"line":251,"column":16},"end":{"line":251,"column":17}},"loc":{"start":{"line":251,"column":28},"end":{"line":264,"column":3}},"line":251},"8":{"name":"(anonymous_8)","decl":{"start":{"line":271,"column":34},"end":{"line":271,"column":35}},"loc":{"start":{"line":271,"column":40},"end":{"line":271,"column":86}},"line":271},"9":{"name":"(anonymous_9)","decl":{"start":{"line":271,"column":53},"end":{"line":271,"column":54}},"loc":{"start":{"line":271,"column":64},"end":{"line":271,"column":85}},"line":271},"10":{"name":"(anonymous_10)","decl":{"start":{"line":272,"column":30},"end":{"line":272,"column":31}},"loc":{"start":{"line":272,"column":36},"end":{"line":272,"column":78}},"line":272},"11":{"name":"(anonymous_11)","decl":{"start":{"line":272,"column":49},"end":{"line":272,"column":50}},"loc":{"start":{"line":272,"column":60},"end":{"line":272,"column":77}},"line":272},"12":{"name":"(anonymous_12)","decl":{"start":{"line":273,"column":30},"end":{"line":273,"column":31}},"loc":{"start":{"line":273,"column":36},"end":{"line":273,"column":75}},"line":273},"13":{"name":"(anonymous_13)","decl":{"start":{"line":273,"column":49},"end":{"line":273,"column":50}},"loc":{"start":{"line":273,"column":60},"end":{"line":273,"column":74}},"line":273},"14":{"name":"(anonymous_14)","decl":{"start":{"line":274,"column":29},"end":{"line":274,"column":30}},"loc":{"start":{"line":274,"column":35},"end":{"line":274,"column":85}},"line":274},"15":{"name":"(anonymous_15)","decl":{"start":{"line":274,"column":48},"end":{"line":274,"column":49}},"loc":{"start":{"line":274,"column":59},"end":{"line":274,"column":84}},"line":274}},"branchMap":{"0":{"loc":{"start":{"line":116,"column":6},"end":{"line":122,"column":7}},"type":"if","locations":[{"start":{"line":116,"column":6},"end":{"line":122,"column":7}},{"start":{},"end":{}}],"line":116},"1":{"loc":{"start":{"line":120,"column":30},"end":{"line":120,"column":59}},"type":"binary-expr","locations":[{"start":{"line":120,"column":30},"end":{"line":120,"column":42}},{"start":{"line":120,"column":46},"end":{"line":120,"column":59}}],"line":120},"2":{"loc":{"start":{"line":126,"column":6},"end":{"line":128,"column":7}},"type":"if","locations":[{"start":{"line":126,"column":6},"end":{"line":128,"column":7}},{"start":{},"end":{}}],"line":126},"3":{"loc":{"start":{"line":132,"column":6},"end":{"line":134,"column":7}},"type":"if","locations":[{"start":{"line":132,"column":6},"end":{"line":134,"column":7}},{"start":{},"end":{}}],"line":132},"4":{"loc":{"start":{"line":158,"column":28},"end":{"line":158,"column":71}},"type":"binary-expr","locations":[{"start":{"line":158,"column":28},"end":{"line":158,"column":47}},{"start":{"line":158,"column":51},"end":{"line":158,"column":71}}],"line":158},"5":{"loc":{"start":{"line":212,"column":6},"end":{"line":212,"column":40}},"type":"if","locations":[{"start":{"line":212,"column":6},"end":{"line":212,"column":40}},{"start":{},"end":{}}],"line":212}},"s":{"0":0,"1":0,"2":0,"3":0,"4":0,"5":0,"6":0,"7":0,"8":0,"9":0,"10":0,"11":0,"12":0,"13":0,"14":0,"15":0,"16":0,"17":0,"18":0,"19":0,"20":0,"21":0,"22":0,"23":0,"24":0,"25":0,"26":0,"27":0,"28":0,"29":0,"30":0,"31":0,"32":0,"33":0,"34":0,"35":0,"36":0,"37":0,"38":0,"39":0,"40":0,"41":0,"42":0,"43":0,"44":0,"45":0,"46":0,"47":0,"48":0,"49":0,"50":0,"51":0,"52":0,"53":0,"54":0,"55":0,"56":0,"57":0,"58":0,"59":0,"60":0,"61":0,"62":0,"63":0,"64":0,"65":0,"66":0,"67":0},"f":{"0":0,"1":0,"2":0,"3":0,"4":0,"5":0,"6":0,"7":0,"8":0,"9":0,"10":0,"11":0,"12":0,"13":0,"14":0,"15":0},"b":{"0":[0,0],"1":[0,0],"2":[0,0],"3":[0,0],"4":[0,0],"5":[0,0]}}
,"D:\\ai-dresser\\types\\react-native-onboarding-swiper.d.ts": {"path":"D:\\ai-dresser\\types\\react-native-onboarding-swiper.d.ts","statementMap":{},"fnMap":{},"branchMap":{},"s":{},"f":{},"b":{}}
,"D:\\ai-dresser\\types\\supabase.ts": {"path":"D:\\ai-dresser\\types\\supabase.ts","statementMap":{},"fnMap":{},"branchMap":{},"s":{},"f":{},"b":{}}
,"D:\\ai-dresser\\utils\\pollinationsAI.ts": {"path":"D:\\ai-dresser\\utils\\pollinationsAI.ts","statementMap":{"0":{"start":{"line":20,"column":2},"end":{"line":84,"column":3}},"1":{"start":{"line":22,"column":25},"end":{"line":22,"column":75}},"2":{"start":{"line":24,"column":21},"end":{"line":35,"column":6}},"3":{"start":{"line":37,"column":4},"end":{"line":41,"column":5}},"4":{"start":{"line":38,"column":24},"end":{"line":38,"column":45}},"5":{"start":{"line":39,"column":6},"end":{"line":39,"column":54}},"6":{"start":{"line":40,"column":6},"end":{"line":40,"column":79}},"7":{"start":{"line":43,"column":4},"end":{"line":80,"column":5}},"8":{"start":{"line":44,"column":21},"end":{"line":44,"column":47}},"9":{"start":{"line":45,"column":22},"end":{"line":45,"column":39}},"10":{"start":{"line":46,"column":21},"end":{"line":46,"column":23}},"11":{"start":{"line":48,"column":6},"end":{"line":50,"column":7}},"12":{"start":{"line":49,"column":8},"end":{"line":49,"column":57}},"13":{"start":{"line":52,"column":6},"end":{"line":73,"column":7}},"14":{"start":{"line":53,"column":32},"end":{"line":53,"column":51}},"15":{"start":{"line":54,"column":8},"end":{"line":54,"column":24}},"16":{"start":{"line":54,"column":18},"end":{"line":54,"column":24}},"17":{"start":{"line":56,"column":22},"end":{"line":56,"column":61}},"18":{"start":{"line":57,"column":22},"end":{"line":57,"column":87}},"19":{"start":{"line":57,"column":55},"end":{"line":57,"column":86}},"20":{"start":{"line":59,"column":8},"end":{"line":72,"column":9}},"21":{"start":{"line":60,"column":10},"end":{"line":71,"column":11}},"22":{"start":{"line":61,"column":28},"end":{"line":61,"column":60}},"23":{"start":{"line":62,"column":12},"end":{"line":62,"column":47}},"24":{"start":{"line":62,"column":38},"end":{"line":62,"column":47}},"25":{"start":{"line":64,"column":27},"end":{"line":64,"column":46}},"26":{"start":{"line":65,"column":28},"end":{"line":65,"column":63}},"27":{"start":{"line":66,"column":12},"end":{"line":68,"column":13}},"28":{"start":{"line":67,"column":14},"end":{"line":67,"column":34}},"29":{"start":{"line":70,"column":12},"end":{"line":70,"column":51}},"30":{"start":{"line":75,"column":6},"end":{"line":75,"column":22}},"31":{"start":{"line":78,"column":19},"end":{"line":78,"column":40}},"32":{"start":{"line":79,"column":6},"end":{"line":79,"column":55}},"33":{"start":{"line":82,"column":4},"end":{"line":82,"column":51}},"34":{"start":{"line":83,"column":4},"end":{"line":83,"column":16}},"35":{"start":{"line":91,"column":19},"end":{"line":93,"column":45}},"36":{"start":{"line":96,"column":23},"end":{"line":96,"column":44}},"37":{"start":{"line":98,"column":2},"end":{"line":109,"column":5}},"38":{"start":{"line":113,"column":2},"end":{"line":144,"column":3}},"39":{"start":{"line":114,"column":24},"end":{"line":114,"column":56}},"40":{"start":{"line":115,"column":18},"end":{"line":115,"column":49}},"41":{"start":{"line":116,"column":18},"end":{"line":116,"column":41}},"42":{"start":{"line":118,"column":16},"end":{"line":118,"column":91}},"43":{"start":{"line":120,"column":21},"end":{"line":120,"column":37}},"44":{"start":{"line":122,"column":4},"end":{"line":124,"column":5}},"45":{"start":{"line":123,"column":6},"end":{"line":123,"column":69}},"46":{"start":{"line":126,"column":17},"end":{"line":126,"column":38}},"47":{"start":{"line":128,"column":4},"end":{"line":140,"column":5}},"48":{"start":{"line":129,"column":6},"end":{"line":129,"column":39}},"49":{"start":{"line":131,"column":21},"end":{"line":131,"column":37}},"50":{"start":{"line":132,"column":6},"end":{"line":139,"column":9}},"51":{"start":{"line":133,"column":8},"end":{"line":136,"column":10}},"52":{"start":{"line":134,"column":29},"end":{"line":134,"column":52}},"53":{"start":{"line":135,"column":10},"end":{"line":135,"column":30}},"54":{"start":{"line":137,"column":8},"end":{"line":137,"column":32}},"55":{"start":{"line":138,"column":8},"end":{"line":138,"column":35}},"56":{"start":{"line":142,"column":4},"end":{"line":142,"column":52}},"57":{"start":{"line":143,"column":4},"end":{"line":143,"column":16}},"58":{"start":{"line":148,"column":2},"end":{"line":190,"column":3}},"59":{"start":{"line":149,"column":4},"end":{"line":151,"column":5}},"60":{"start":{"line":150,"column":6},"end":{"line":150,"column":17}},"61":{"start":{"line":153,"column":4},"end":{"line":153,"column":51}},"62":{"start":{"line":155,"column":4},"end":{"line":186,"column":5}},"63":{"start":{"line":156,"column":23},"end":{"line":156,"column":39}},"64":{"start":{"line":157,"column":6},"end":{"line":159,"column":7}},"65":{"start":{"line":158,"column":8},"end":{"line":158,"column":92}},"66":{"start":{"line":160,"column":19},"end":{"line":160,"column":40}},"67":{"start":{"line":161,"column":6},"end":{"line":166,"column":9}},"68":{"start":{"line":162,"column":23},"end":{"line":162,"column":39}},"69":{"start":{"line":163,"column":8},"end":{"line":163,"column":66}},"70":{"start":{"line":163,"column":33},"end":{"line":163,"column":65}},"71":{"start":{"line":164,"column":8},"end":{"line":164,"column":83}},"72":{"start":{"line":164,"column":31},"end":{"line":164,"column":82}},"73":{"start":{"line":165,"column":8},"end":{"line":165,"column":35}},"74":{"start":{"line":168,"column":23},"end":{"line":168,"column":39}},"75":{"start":{"line":169,"column":6},"end":{"line":171,"column":7}},"76":{"start":{"line":170,"column":8},"end":{"line":170,"column":92}},"77":{"start":{"line":172,"column":19},"end":{"line":172,"column":40}},"78":{"start":{"line":173,"column":6},"end":{"line":185,"column":9}},"79":{"start":{"line":174,"column":23},"end":{"line":174,"column":39}},"80":{"start":{"line":175,"column":8},"end":{"line":182,"column":10}},"81":{"start":{"line":176,"column":25},"end":{"line":176,"column":48}},"82":{"start":{"line":177,"column":10},"end":{"line":180,"column":11}},"83":{"start":{"line":178,"column":12},"end":{"line":178,"column":67}},"84":{"start":{"line":179,"column":12},"end":{"line":179,"column":19}},"85":{"start":{"line":181,"column":10},"end":{"line":181,"column":26}},"86":{"start":{"line":183,"column":8},"end":{"line":183,"column":83}},"87":{"start":{"line":183,"column":31},"end":{"line":183,"column":82}},"88":{"start":{"line":184,"column":8},"end":{"line":184,"column":35}},"89":{"start":{"line":188,"column":4},"end":{"line":188,"column":62}},"90":{"start":{"line":189,"column":4},"end":{"line":189,"column":108}}},"fnMap":{"0":{"name":"generateText","decl":{"start":{"line":19,"column":22},"end":{"line":19,"column":34}},"loc":{"start":{"line":19,"column":84},"end":{"line":85,"column":1}},"line":19},"1":{"name":"(anonymous_1)","decl":{"start":{"line":57,"column":47},"end":{"line":57,"column":48}},"loc":{"start":{"line":57,"column":55},"end":{"line":57,"column":86}},"line":57},"2":{"name":"generateTextWithImage","decl":{"start":{"line":87,"column":22},"end":{"line":87,"column":43}},"loc":{"start":{"line":90,"column":19},"end":{"line":110,"column":1}},"line":90},"3":{"name":"generateAudioResponse","decl":{"start":{"line":112,"column":22},"end":{"line":112,"column":43}},"loc":{"start":{"line":112,"column":94},"end":{"line":145,"column":1}},"line":112},"4":{"name":"(anonymous_4)","decl":{"start":{"line":132,"column":25},"end":{"line":132,"column":26}},"loc":{"start":{"line":132,"column":46},"end":{"line":139,"column":7}},"line":132},"5":{"name":"(anonymous_5)","decl":{"start":{"line":133,"column":27},"end":{"line":133,"column":28}},"loc":{"start":{"line":133,"column":33},"end":{"line":136,"column":9}},"line":133},"6":{"name":"convertImageToBase64","decl":{"start":{"line":147,"column":22},"end":{"line":147,"column":42}},"loc":{"start":{"line":147,"column":73},"end":{"line":191,"column":1}},"line":147},"7":{"name":"(anonymous_7)","decl":{"start":{"line":161,"column":25},"end":{"line":161,"column":26}},"loc":{"start":{"line":161,"column":46},"end":{"line":166,"column":7}},"line":161},"8":{"name":"(anonymous_8)","decl":{"start":{"line":163,"column":27},"end":{"line":163,"column":28}},"loc":{"start":{"line":163,"column":33},"end":{"line":163,"column":65}},"line":163},"9":{"name":"(anonymous_9)","decl":{"start":{"line":164,"column":25},"end":{"line":164,"column":26}},"loc":{"start":{"line":164,"column":31},"end":{"line":164,"column":82}},"line":164},"10":{"name":"(anonymous_10)","decl":{"start":{"line":173,"column":25},"end":{"line":173,"column":26}},"loc":{"start":{"line":173,"column":46},"end":{"line":185,"column":7}},"line":173},"11":{"name":"(anonymous_11)","decl":{"start":{"line":175,"column":27},"end":{"line":175,"column":28}},"loc":{"start":{"line":175,"column":33},"end":{"line":182,"column":9}},"line":175},"12":{"name":"(anonymous_12)","decl":{"start":{"line":183,"column":25},"end":{"line":183,"column":26}},"loc":{"start":{"line":183,"column":31},"end":{"line":183,"column":82}},"line":183}},"branchMap":{"0":{"loc":{"start":{"line":22,"column":25},"end":{"line":22,"column":75}},"type":"binary-expr","locations":[{"start":{"line":22,"column":25},"end":{"line":22,"column":46}},{"start":{"line":22,"column":51},"end":{"line":22,"column":65}},{"start":{"line":22,"column":69},"end":{"line":22,"column":74}}],"line":22},"1":{"loc":{"start":{"line":37,"column":4},"end":{"line":41,"column":5}},"type":"if","locations":[{"start":{"line":37,"column":4},"end":{"line":41,"column":5}},{"start":{},"end":{}}],"line":37},"2":{"loc":{"start":{"line":43,"column":4},"end":{"line":80,"column":5}},"type":"if","locations":[{"start":{"line":43,"column":4},"end":{"line":80,"column":5}},{"start":{"line":76,"column":11},"end":{"line":80,"column":5}}],"line":43},"3":{"loc":{"start":{"line":48,"column":6},"end":{"line":50,"column":7}},"type":"if","locations":[{"start":{"line":48,"column":6},"end":{"line":50,"column":7}},{"start":{},"end":{}}],"line":48},"4":{"loc":{"start":{"line":54,"column":8},"end":{"line":54,"column":24}},"type":"if","locations":[{"start":{"line":54,"column":8},"end":{"line":54,"column":24}},{"start":{},"end":{}}],"line":54},"5":{"loc":{"start":{"line":62,"column":12},"end":{"line":62,"column":47}},"type":"if","locations":[{"start":{"line":62,"column":12},"end":{"line":62,"column":47}},{"start":{},"end":{}}],"line":62},"6":{"loc":{"start":{"line":66,"column":12},"end":{"line":68,"column":13}},"type":"if","locations":[{"start":{"line":66,"column":12},"end":{"line":68,"column":13}},{"start":{},"end":{}}],"line":66},"7":{"loc":{"start":{"line":79,"column":13},"end":{"line":79,"column":54}},"type":"binary-expr","locations":[{"start":{"line":79,"column":13},"end":{"line":79,"column":48}},{"start":{"line":79,"column":52},"end":{"line":79,"column":54}}],"line":79},"8":{"loc":{"start":{"line":91,"column":19},"end":{"line":93,"column":45}},"type":"cond-expr","locations":[{"start":{"line":92,"column":6},"end":{"line":92,"column":17}},{"start":{"line":93,"column":6},"end":{"line":93,"column":45}}],"line":91},"9":{"loc":{"start":{"line":115,"column":18},"end":{"line":115,"column":49}},"type":"binary-expr","locations":[{"start":{"line":115,"column":18},"end":{"line":115,"column":31}},{"start":{"line":115,"column":35},"end":{"line":115,"column":49}}],"line":115},"10":{"loc":{"start":{"line":116,"column":18},"end":{"line":116,"column":41}},"type":"binary-expr","locations":[{"start":{"line":116,"column":18},"end":{"line":116,"column":31}},{"start":{"line":116,"column":35},"end":{"line":116,"column":41}}],"line":116},"11":{"loc":{"start":{"line":122,"column":4},"end":{"line":124,"column":5}},"type":"if","locations":[{"start":{"line":122,"column":4},"end":{"line":124,"column":5}},{"start":{},"end":{}}],"line":122},"12":{"loc":{"start":{"line":128,"column":4},"end":{"line":140,"column":5}},"type":"if","locations":[{"start":{"line":128,"column":4},"end":{"line":140,"column":5}},{"start":{"line":130,"column":11},"end":{"line":140,"column":5}}],"line":128},"13":{"loc":{"start":{"line":149,"column":4},"end":{"line":151,"column":5}},"type":"if","locations":[{"start":{"line":149,"column":4},"end":{"line":151,"column":5}},{"start":{},"end":{}}],"line":149},"14":{"loc":{"start":{"line":155,"column":4},"end":{"line":186,"column":5}},"type":"if","locations":[{"start":{"line":155,"column":4},"end":{"line":186,"column":5}},{"start":{"line":167,"column":11},"end":{"line":186,"column":5}}],"line":155},"15":{"loc":{"start":{"line":157,"column":6},"end":{"line":159,"column":7}},"type":"if","locations":[{"start":{"line":157,"column":6},"end":{"line":159,"column":7}},{"start":{},"end":{}}],"line":157},"16":{"loc":{"start":{"line":169,"column":6},"end":{"line":171,"column":7}},"type":"if","locations":[{"start":{"line":169,"column":6},"end":{"line":171,"column":7}},{"start":{},"end":{}}],"line":169},"17":{"loc":{"start":{"line":177,"column":10},"end":{"line":180,"column":11}},"type":"if","locations":[{"start":{"line":177,"column":10},"end":{"line":180,"column":11}},{"start":{},"end":{}}],"line":177},"18":{"loc":{"start":{"line":189,"column":48},"end":{"line":189,"column":104}},"type":"cond-expr","locations":[{"start":{"line":189,"column":73},"end":{"line":189,"column":86}},{"start":{"line":189,"column":89},"end":{"line":189,"column":104}}],"line":189}},"s":{"0":5,"1":5,"2":5,"3":5,"4":1,"5":1,"6":1,"7":4,"8":0,"9":0,"10":0,"11":0,"12":0,"13":0,"14":0,"15":0,"16":0,"17":0,"18":0,"19":0,"20":0,"21":0,"22":0,"23":0,"24":0,"25":0,"26":0,"27":0,"28":0,"29":0,"30":0,"31":4,"32":4,"33":1,"34":1,"35":2,"36":2,"37":2,"38":0,"39":0,"40":0,"41":0,"42":0,"43":0,"44":0,"45":0,"46":0,"47":0,"48":0,"49":0,"50":0,"51":0,"52":0,"53":0,"54":0,"55":0,"56":0,"57":0,"58":2,"59":2,"60":1,"61":1,"62":1,"63":0,"64":0,"65":0,"66":0,"67":0,"68":0,"69":0,"70":0,"71":0,"72":0,"73":0,"74":1,"75":1,"76":0,"77":1,"78":1,"79":1,"80":1,"81":1,"82":1,"83":0,"84":0,"85":1,"86":1,"87":0,"88":1,"89":0,"90":0},"f":{"0":5,"1":0,"2":2,"3":0,"4":0,"5":0,"6":2,"7":0,"8":0,"9":0,"10":1,"11":1,"12":0},"b":{"0":[5,2,0],"1":[1,4],"2":[0,4],"3":[0,0],"4":[0,0],"5":[0,0],"6":[0,0],"7":[4,0],"8":[1,1],"9":[0,0],"10":[0,0],"11":[0,0],"12":[0,0],"13":[1,1],"14":[0,1],"15":[0,0],"16":[0,1],"17":[0,1],"18":[0,0]},"_coverageSchema":"1a1c01bbd47fc00a2c39e90264f33305004495a9","hash":"cb0375c0f216661fec20e9780cdf15de55ee6d5f"}
}
