TN:
SF:eslint.config.js
FNF:0
FNH:0
DA:1,0
DA:2,0
DA:4,0
LF:3
LH:0
BRF:0
BRH:0
end_of_record
TN:
SF:expo-env.d.ts
FNF:0
FNH:0
LF:0
LH:0
BRF:0
BRH:0
end_of_record
TN:
SF:jest.config.js
FNF:0
FNH:0
DA:1,0
LF:1
LH:0
BRF:0
BRH:0
end_of_record
TN:
SF:.rorkai\inspector.tsx
FN:71,(anonymous_0)
FN:79,sendBridgeMessage
FN:94,addBridgeListener
FN:97,(anonymous_3)
FN:107,useBridge
FN:110,(anonymous_5)
FN:111,(anonymous_6)
FN:113,(anonymous_7)
FN:119,(anonymous_8)
FN:122,(anonymous_9)
FN:123,(anonymous_10)
FN:130,BundleInspector
FN:144,(anonymous_12)
FN:156,(anonymous_13)
FN:162,(anonymous_14)
FN:173,(anonymous_15)
FN:178,(anonymous_16)
FN:243,(anonymous_17)
FN:282,(anonymous_18)
FN:291,(anonymous_19)
FN:292,(anonymous_20)
FN:295,(anonymous_21)
FN:316,ElementEditor
FNF:23
FNH:0
FNDA:0,(anonymous_0)
FNDA:0,sendBridgeMessage
FNDA:0,addBridgeListener
FNDA:0,(anonymous_3)
FNDA:0,useBridge
FNDA:0,(anonymous_5)
FNDA:0,(anonymous_6)
FNDA:0,(anonymous_7)
FNDA:0,(anonymous_8)
FNDA:0,(anonymous_9)
FNDA:0,(anonymous_10)
FNDA:0,BundleInspector
FNDA:0,(anonymous_12)
FNDA:0,(anonymous_13)
FNDA:0,(anonymous_14)
FNDA:0,(anonymous_15)
FNDA:0,(anonymous_16)
FNDA:0,(anonymous_17)
FNDA:0,(anonymous_18)
FNDA:0,(anonymous_19)
FNDA:0,(anonymous_20)
FNDA:0,(anonymous_21)
FNDA:0,ElementEditor
DA:46,0
DA:48,0
DA:65,0
DA:67,0
DA:68,0
DA:71,0
DA:72,0
DA:87,0
DA:88,0
DA:91,0
DA:97,0
DA:98,0
DA:99,0
DA:100,0
DA:102,0
DA:108,0
DA:110,0
DA:111,0
DA:112,0
DA:113,0
DA:117,0
DA:119,0
DA:122,0
DA:123,0
DA:124,0
DA:127,0
DA:131,0
DA:132,0
DA:133,0
DA:134,0
DA:136,0
DA:138,0
DA:140,0
DA:144,0
DA:145,0
DA:146,0
DA:147,0
DA:150,0
DA:155,0
DA:157,0
DA:158,0
DA:162,0
DA:167,0
DA:173,0
DA:174,0
DA:179,0
DA:185,0
DA:190,0
DA:192,0
DA:197,0
DA:200,0
DA:204,0
DA:244,0
DA:245,0
DA:246,0
DA:282,0
DA:289,0
DA:291,0
DA:292,0
DA:293,0
DA:294,0
DA:295,0
DA:297,0
DA:301,0
DA:304,0
DA:305,0
DA:313,0
DA:318,0
DA:319,0
DA:320,0
DA:321,0
DA:322,0
DA:323,0
DA:324,0
DA:326,0
DA:426,0
LF:76
LH:0
BRDA:67,0,0,0
BRDA:67,0,1,0
BRDA:87,1,0,0
BRDA:87,1,1,0
BRDA:98,2,0,0
BRDA:98,2,1,0
BRDA:99,3,0,0
BRDA:99,3,1,0
BRDA:112,4,0,0
BRDA:112,4,1,0
BRDA:112,5,0,0
BRDA:112,5,1,0
BRDA:145,6,0,0
BRDA:145,6,1,0
BRDA:157,7,0,0
BRDA:157,7,1,0
BRDA:163,8,0,0
BRDA:163,8,1,0
BRDA:180,9,0,0
BRDA:180,9,1,0
BRDA:200,10,0,0
BRDA:200,10,1,0
BRDA:210,11,0,0
BRDA:210,11,1,0
BRDA:214,12,0,0
BRDA:214,12,1,0
BRDA:237,13,0,0
BRDA:237,13,1,0
BRDA:244,14,0,0
BRDA:244,14,1,0
BRDA:304,15,0,0
BRDA:304,15,1,0
BRF:32
BRH:0
end_of_record
TN:
SF:.rorkai\inspector.web.tsx
FN:2,BundleInspector
FNF:1
FNH:0
FNDA:0,BundleInspector
DA:3,0
LF:1
LH:0
BRF:0
BRH:0
end_of_record
TN:
SF:.rorkai\polyfills.js
FN:6,(anonymous_0)
FN:16,(anonymous_1)
FN:19,(anonymous_2)
FN:20,(anonymous_3)
FNF:4
FNH:0
FNDA:0,(anonymous_0)
FNDA:0,(anonymous_1)
FNDA:0,(anonymous_2)
FNDA:0,(anonymous_3)
DA:5,0
DA:6,0
DA:7,0
DA:11,0
DA:15,0
DA:16,0
DA:19,0
DA:20,0
DA:23,0
LF:9
LH:0
BRDA:5,0,0,0
BRDA:5,0,1,0
BRDA:15,1,0,0
BRDA:15,1,1,0
BRF:4
BRH:0
end_of_record
TN:
SF:.rorkai\rork-error-boundary.tsx
FN:28,sendErrorToIframeParent
FN:63,(anonymous_1)
FN:74,(anonymous_2)
FN:81,(anonymous_3)
FN:87,(anonymous_4)
FN:92,(anonymous_5)
FN:96,(anonymous_6)
FN:103,(anonymous_7)
FNF:8
FNH:0
FNDA:0,sendErrorToIframeParent
FNDA:0,(anonymous_1)
FNDA:0,(anonymous_2)
FNDA:0,(anonymous_3)
FNDA:0,(anonymous_4)
FNDA:0,(anonymous_5)
FNDA:0,(anonymous_6)
FNDA:0,(anonymous_7)
DA:18,0
DA:20,0
DA:26,0
DA:29,0
DA:36,0
DA:37,0
DA:43,0
DA:49,0
DA:50,0
DA:55,0
DA:57,0
DA:58,0
DA:62,0
DA:63,0
DA:64,0
DA:65,0
DA:71,0
DA:74,0
DA:75,0
DA:76,0
DA:80,0
DA:81,0
DA:82,0
DA:83,0
DA:88,0
DA:89,0
DA:93,0
DA:97,0
DA:98,0
DA:99,0
DA:104,0
DA:105,0
DA:120,0
DA:124,0
LF:34
LH:0
BRDA:30,0,0,0
BRDA:30,0,1,0
BRDA:30,0,2,0
BRDA:36,1,0,0
BRDA:36,1,1,0
BRDA:36,2,0,0
BRDA:36,2,1,0
BRDA:52,3,0,0
BRDA:52,3,1,0
BRDA:57,4,0,0
BRDA:57,4,1,0
BRDA:57,5,0,0
BRDA:57,5,1,0
BRDA:62,6,0,0
BRDA:62,6,1,0
BRDA:62,7,0,0
BRDA:62,7,1,0
BRDA:65,8,0,0
BRDA:65,8,1,0
BRDA:66,9,0,0
BRDA:66,9,1,0
BRDA:67,10,0,0
BRDA:67,10,1,0
BRDA:68,11,0,0
BRDA:68,11,1,0
BRDA:69,12,0,0
BRDA:69,12,1,0
BRDA:98,13,0,0
BRDA:98,13,1,0
BRDA:104,14,0,0
BRDA:104,14,1,0
BRDA:110,15,0,0
BRDA:110,15,1,0
BRF:33
BRH:0
end_of_record
TN:
SF:.rorkai\toolkit-sdk.ts
FN:32,waitForConnection
FN:37,useConnections
FN:40,(anonymous_2)
FN:47,(anonymous_3)
FN:49,(anonymous_4)
FN:72,(anonymous_5)
FN:96,createRorkTool
FN:110,generateObject
FN:128,generateText
FN:146,useRorkAgent
FN:157,(anonymous_10)
FN:159,(anonymous_11)
FN:173,(anonymous_12)
FN:191,(anonymous_13)
FN:192,(anonymous_14)
FN:194,(anonymous_15)
FN:210,(anonymous_16)
FN:217,(anonymous_17)
FNF:18
FNH:0
FNDA:0,waitForConnection
FNDA:0,useConnections
FNDA:0,(anonymous_2)
FNDA:0,(anonymous_3)
FNDA:0,(anonymous_4)
FNDA:0,(anonymous_5)
FNDA:0,createRorkTool
FNDA:0,generateObject
FNDA:0,generateText
FNDA:0,useRorkAgent
FNDA:0,(anonymous_10)
FNDA:0,(anonymous_11)
FNDA:0,(anonymous_12)
FNDA:0,(anonymous_13)
FNDA:0,(anonymous_14)
FNDA:0,(anonymous_15)
FNDA:0,(anonymous_16)
FNDA:0,(anonymous_17)
DA:28,0
DA:30,0
DA:33,0
DA:34,0
DA:38,0
DA:41,0
DA:42,0
DA:46,0
DA:48,0
DA:49,0
DA:50,0
DA:56,0
DA:61,0
DA:63,0
DA:64,0
DA:67,0
DA:71,0
DA:73,0
DA:76,0
DA:80,0
DA:88,0
DA:97,0
DA:114,0
DA:115,0
DA:123,0
DA:125,0
DA:131,0
DA:133,0
DA:136,0
DA:141,0
DA:143,0
DA:151,0
DA:158,0
DA:159,0
DA:168,0
DA:174,0
DA:176,0
DA:177,0
DA:180,0
DA:182,0
DA:183,0
DA:191,0
DA:192,0
DA:193,0
DA:195,0
DA:196,0
DA:197,0
DA:198,0
DA:200,0
DA:210,0
DA:212,0
DA:216,0
DA:218,0
DA:219,0
DA:223,0
DA:229,0
LF:56
LH:0
BRDA:28,0,0,0
BRDA:28,0,1,0
BRDA:63,1,0,0
BRDA:63,1,1,0
BRDA:81,2,0,0
BRDA:81,2,1,0
BRDA:133,3,0,0
BRDA:133,3,1,0
BRDA:176,4,0,0
BRDA:176,4,1,0
BRDA:180,5,0,0
BRDA:180,5,1,0
BRDA:195,6,0,0
BRDA:195,6,1,0
BRDA:196,7,0,0
BRDA:196,7,1,0
BRDA:218,8,0,0
BRDA:218,8,1,0
BRF:18
BRH:0
end_of_record
TN:
SF:app\+native-intent.tsx
FN:1,redirectSystemPath
FNF:1
FNH:0
FNDA:0,redirectSystemPath
DA:5,0
LF:1
LH:0
BRF:0
BRH:0
end_of_record
TN:
SF:app\+not-found.tsx
FN:6,NotFoundScreen
FNF:1
FNH:0
FNDA:0,NotFoundScreen
DA:7,0
DA:21,0
LF:2
LH:0
BRF:0
BRH:0
end_of_record
TN:
SF:app\_layout.tsx
FN:16,RootLayoutNav
FN:21,(anonymous_1)
FN:67,RootLayout
FN:68,(anonymous_3)
FN:69,(anonymous_4)
FN:72,(anonymous_5)
FNF:6
FNH:0
FNDA:0,RootLayoutNav
FNDA:0,(anonymous_1)
FNDA:0,RootLayout
FNDA:0,(anonymous_3)
FNDA:0,(anonymous_4)
FNDA:0,(anonymous_5)
DA:12,0
DA:14,0
DA:17,0
DA:18,0
DA:19,0
DA:21,0
DA:22,0
DA:24,0
DA:25,0
DA:28,0
DA:29,0
DA:32,0
DA:33,0
DA:37,0
DA:68,0
DA:69,0
DA:70,0
DA:72,0
DA:75,0
LF:19
LH:0
BRDA:22,0,0,0
BRDA:22,0,1,0
BRDA:24,1,0,0
BRDA:24,1,1,0
BRDA:28,2,0,0
BRDA:28,2,1,0
BRDA:28,3,0,0
BRDA:28,3,1,0
BRDA:32,4,0,0
BRDA:32,4,1,0
BRDA:32,5,0,0
BRDA:32,5,1,0
BRF:12
BRH:0
end_of_record
TN:
SF:app\ai-stylist.tsx
FN:28,AIStylistScreen
FN:44,(anonymous_1)
FN:45,(anonymous_2)
FN:47,(anonymous_3)
FN:50,(anonymous_4)
FN:55,(anonymous_5)
FN:57,(anonymous_6)
FN:63,(anonymous_7)
FN:80,(anonymous_8)
FN:85,(anonymous_9)
FN:86,(anonymous_10)
FN:89,(anonymous_11)
FN:120,(anonymous_12)
FN:142,(anonymous_13)
FN:153,(anonymous_14)
FN:161,(anonymous_15)
FN:195,(anonymous_16)
FN:206,(anonymous_17)
FN:218,(anonymous_18)
FN:238,(anonymous_19)
FN:270,(anonymous_20)
FN:286,(anonymous_21)
FN:308,(anonymous_22)
FN:329,(anonymous_23)
FNF:24
FNH:0
FNDA:0,AIStylistScreen
FNDA:0,(anonymous_1)
FNDA:0,(anonymous_2)
FNDA:0,(anonymous_3)
FNDA:0,(anonymous_4)
FNDA:0,(anonymous_5)
FNDA:0,(anonymous_6)
FNDA:0,(anonymous_7)
FNDA:0,(anonymous_8)
FNDA:0,(anonymous_9)
FNDA:0,(anonymous_10)
FNDA:0,(anonymous_11)
FNDA:0,(anonymous_12)
FNDA:0,(anonymous_13)
FNDA:0,(anonymous_14)
FNDA:0,(anonymous_15)
FNDA:0,(anonymous_16)
FNDA:0,(anonymous_17)
FNDA:0,(anonymous_18)
FNDA:0,(anonymous_19)
FNDA:0,(anonymous_20)
FNDA:0,(anonymous_21)
FNDA:0,(anonymous_22)
FNDA:0,(anonymous_23)
DA:29,0
DA:30,0
DA:31,0
DA:32,0
DA:33,0
DA:34,0
DA:35,0
DA:36,0
DA:37,0
DA:38,0
DA:39,0
DA:41,0
DA:42,0
DA:44,0
DA:45,0
DA:46,0
DA:47,0
DA:49,0
DA:50,0
DA:55,0
DA:56,0
DA:57,0
DA:58,0
DA:63,0
DA:64,0
DA:80,0
DA:81,0
DA:82,0
DA:85,0
DA:86,0
DA:89,0
DA:90,0
DA:91,0
DA:92,0
DA:94,0
DA:95,0
DA:96,0
DA:99,0
DA:104,0
DA:105,0
DA:109,0
DA:110,0
DA:111,0
DA:112,0
DA:113,0
DA:115,0
DA:116,0
DA:120,0
DA:121,0
DA:123,0
DA:124,0
DA:125,0
DA:126,0
DA:128,0
DA:129,0
DA:131,0
DA:132,0
DA:133,0
DA:135,0
DA:139,0
DA:141,0
DA:142,0
DA:143,0
DA:146,0
DA:147,0
DA:148,0
DA:149,0
DA:153,0
DA:154,0
DA:155,0
DA:157,0
DA:161,0
DA:162,0
DA:164,0
DA:165,0
DA:166,0
DA:182,0
DA:184,0
DA:187,0
DA:188,0
DA:189,0
DA:190,0
DA:192,0
DA:195,0
DA:200,0
DA:201,0
DA:205,0
DA:206,0
DA:214,0
DA:218,0
DA:219,0
DA:220,0
DA:221,0
DA:223,0
DA:224,0
DA:225,0
DA:227,0
DA:231,0
DA:236,0
DA:238,0
DA:239,0
DA:240,0
DA:244,0
DA:246,0
DA:247,0
DA:251,0
DA:252,0
DA:259,0
DA:260,0
DA:270,0
DA:277,0
DA:286,0
DA:309,0
DA:329,0
DA:374,0
LF:115
LH:0
BRDA:46,0,0,0
BRDA:46,0,1,0
BRDA:49,1,0,0
BRDA:49,1,1,0
BRDA:49,2,0,0
BRDA:49,2,1,0
BRDA:56,3,0,0
BRDA:56,3,1,0
BRDA:86,4,0,0
BRDA:86,4,1,0
BRDA:94,5,0,0
BRDA:94,5,1,0
BRDA:121,6,0,0
BRDA:121,6,1,0
BRDA:121,7,0,0
BRDA:121,7,1,0
BRDA:141,8,0,0
BRDA:141,8,1,0
BRDA:154,9,0,0
BRDA:154,9,1,0
BRDA:184,10,0,0
BRDA:184,10,1,0
BRDA:200,11,0,0
BRDA:200,11,1,0
BRDA:223,12,0,0
BRDA:223,12,1,0
BRDA:232,13,0,0
BRDA:232,13,1,0
BRDA:239,14,0,0
BRDA:239,14,1,0
BRDA:239,15,0,0
BRDA:239,15,1,0
BRDA:251,16,0,0
BRDA:251,16,1,0
BRDA:259,17,0,0
BRDA:259,17,1,0
BRDA:300,18,0,0
BRDA:300,18,1,0
BRDA:313,19,0,0
BRDA:313,19,1,0
BRDA:320,20,0,0
BRDA:320,20,1,0
BRDA:326,21,0,0
BRDA:326,21,1,0
BRDA:326,21,2,0
BRDA:337,22,0,0
BRDA:337,22,1,0
BRDA:351,23,0,0
BRDA:351,23,1,0
BRDA:356,24,0,0
BRDA:356,24,1,0
BRDA:364,25,0,0
BRDA:364,25,1,0
BRF:53
BRH:0
end_of_record
TN:
SF:app\onboarding-tutorial.tsx
FNF:0
FNH:0
LF:0
LH:0
BRDA:15,0,0,0
BRDA:15,0,1,0
BRF:2
BRH:0
end_of_record
TN:
SF:app\onboarding-user-info.tsx
FNF:0
FNH:0
LF:0
LH:0
BRF:0
BRH:0
end_of_record
TN:
SF:app\onboarding.tsx
FNF:0
FNH:0
LF:0
LH:0
BRF:0
BRH:0
end_of_record
TN:
SF:app\outfit-scorer.tsx
FN:32,OutfitScorerScreen
FN:42,(anonymous_1)
FN:64,(anonymous_2)
FN:85,(anonymous_3)
FN:131,(anonymous_4)
FN:148,(anonymous_5)
FN:160,(anonymous_6)
FN:161,(anonymous_7)
FN:201,(anonymous_8)
FN:275,(anonymous_9)
FN:285,(anonymous_10)
FN:295,(anonymous_11)
FNF:12
FNH:0
FNDA:0,OutfitScorerScreen
FNDA:0,(anonymous_1)
FNDA:0,(anonymous_2)
FNDA:0,(anonymous_3)
FNDA:0,(anonymous_4)
FNDA:0,(anonymous_5)
FNDA:0,(anonymous_6)
FNDA:0,(anonymous_7)
FNDA:0,(anonymous_8)
FNDA:0,(anonymous_9)
FNDA:0,(anonymous_10)
FNDA:0,(anonymous_11)
DA:33,0
DA:34,0
DA:35,0
DA:36,0
DA:37,0
DA:38,0
DA:40,0
DA:42,0
DA:43,0
DA:45,0
DA:46,0
DA:47,0
DA:50,0
DA:57,0
DA:58,0
DA:59,0
DA:60,0
DA:64,0
DA:65,0
DA:67,0
DA:68,0
DA:69,0
DA:72,0
DA:78,0
DA:79,0
DA:80,0
DA:81,0
DA:85,0
DA:86,0
DA:88,0
DA:89,0
DA:91,0
DA:92,0
DA:93,0
DA:95,0
DA:96,0
DA:97,0
DA:117,0
DA:118,0
DA:120,0
DA:121,0
DA:122,0
DA:125,0
DA:127,0
DA:128,0
DA:130,0
DA:131,0
DA:132,0
DA:134,0
DA:141,0
DA:142,0
DA:143,0
DA:144,0
DA:148,0
DA:149,0
DA:150,0
DA:151,0
DA:154,0
DA:161,0
DA:202,0
DA:203,0
DA:204,0
DA:276,0
DA:286,0
DA:296,0
DA:297,0
DA:298,0
DA:312,0
LF:68
LH:0
BRDA:45,0,0,0
BRDA:45,0,1,0
BRDA:57,1,0,0
BRDA:57,1,1,0
BRDA:57,2,0,0
BRDA:57,2,1,0
BRDA:67,3,0,0
BRDA:67,3,1,0
BRDA:78,4,0,0
BRDA:78,4,1,0
BRDA:78,5,0,0
BRDA:78,5,1,0
BRDA:86,6,0,0
BRDA:86,6,1,0
BRDA:96,7,0,0
BRDA:96,7,1,0
BRDA:111,8,0,0
BRDA:111,8,1,0
BRDA:121,9,0,0
BRDA:121,9,1,0
BRDA:143,10,0,0
BRDA:143,10,1,0
BRDA:149,11,0,0
BRDA:149,11,1,0
BRDA:150,12,0,0
BRDA:150,12,1,0
BRDA:173,13,0,0
BRDA:173,13,1,0
BRDA:211,14,0,0
BRDA:211,14,1,0
BRDA:211,14,2,0
BRDA:225,15,0,0
BRDA:225,15,1,0
BRDA:225,15,2,0
BRDA:239,16,0,0
BRDA:239,16,1,0
BRDA:246,17,0,0
BRDA:246,17,1,0
BRF:38
BRH:0
end_of_record
TN:
SF:app\profile.tsx
FNF:0
FNH:0
LF:0
LH:0
BRF:0
BRH:0
end_of_record
TN:
SF:app\(tabs)\_layout.tsx
FN:12,TabLayout
FN:19,(anonymous_1)
FN:22,(anonymous_2)
FN:34,(anonymous_3)
FN:72,(anonymous_4)
FN:79,(anonymous_5)
FN:80,(anonymous_6)
FN:87,(anonymous_7)
FNF:8
FNH:0
FNDA:0,TabLayout
FNDA:0,(anonymous_1)
FNDA:0,(anonymous_2)
FNDA:0,(anonymous_3)
FNDA:0,(anonymous_4)
FNDA:0,(anonymous_5)
FNDA:0,(anonymous_6)
FNDA:0,(anonymous_7)
DA:13,0
DA:14,0
DA:15,0
DA:16,0
DA:17,0
DA:19,0
DA:20,0
DA:22,0
DA:34,0
DA:36,0
DA:40,0
DA:54,0
DA:72,0
DA:79,0
DA:80,0
DA:87,0
DA:94,0
LF:17
LH:0
BRDA:16,0,0,0
BRDA:16,0,1,0
BRDA:24,1,0,0
BRDA:24,1,1,0
BRDA:27,2,0,0
BRDA:27,2,1,0
BRDA:28,3,0,0
BRDA:28,3,1,0
BRDA:36,4,0,0
BRDA:36,4,1,0
BRF:10
BRH:0
end_of_record
TN:
SF:app\(tabs)\index.tsx
FNF:0
FNH:0
LF:0
LH:0
BRF:0
BRH:0
end_of_record
TN:
SF:app\(tabs)\settings.tsx
FNF:0
FNH:0
LF:0
LH:0
BRF:0
BRH:0
end_of_record
TN:
SF:components\AnimatedScoreCard.tsx
FN:28,AnimatedScoreCard
FN:33,(anonymous_1)
FN:38,(anonymous_2)
FN:51,(anonymous_3)
FN:57,(anonymous_4)
FNF:5
FNH:0
FNDA:0,AnimatedScoreCard
FNDA:0,(anonymous_1)
FNDA:0,(anonymous_2)
FNDA:0,(anonymous_3)
FNDA:0,(anonymous_4)
DA:29,0
DA:30,0
DA:31,0
DA:33,0
DA:35,0
DA:38,0
DA:39,0
DA:43,0
DA:51,0
DA:52,0
DA:57,0
DA:58,0
DA:59,0
DA:60,0
DA:63,0
DA:65,0
DA:85,0
LF:17
LH:0
BRDA:58,0,0,0
BRDA:58,0,1,0
BRDA:59,1,0,0
BRDA:59,1,1,0
BRDA:71,2,0,0
BRDA:71,2,1,0
BRF:6
BRH:0
end_of_record
TN:
SF:components\GlassContainer.tsx
FN:25,GlassContainer
FNF:1
FNH:0
FNDA:0,GlassContainer
DA:31,0
DA:33,0
DA:56,0
LF:3
LH:0
BRDA:27,0,0,0
BRDA:29,1,0,0
BRDA:36,2,0,0
BRDA:36,2,1,0
BRDA:40,3,0,0
BRDA:40,3,1,0
BRDA:43,4,0,0
BRDA:43,4,1,0
BRF:8
BRH:0
end_of_record
TN:
SF:components\InputField.tsx
FN:32,InputField
FNF:1
FNH:0
FNDA:0,InputField
DA:38,0
DA:40,0
DA:62,0
LF:3
LH:0
BRDA:44,0,0,0
BRDA:44,0,1,0
BRDA:48,1,0,0
BRDA:48,1,1,0
BRDA:52,2,0,0
BRDA:52,2,1,0
BRF:6
BRH:0
end_of_record
TN:
SF:components\PrimaryButton.tsx
FN:38,PrimaryButton
FNF:1
FNH:1
FNDA:5,PrimaryButton
DA:47,5
DA:51,5
DA:55,5
DA:78,1
LF:4
LH:4
BRDA:41,0,0,4
BRDA:42,1,0,4
BRDA:45,2,0,4
BRDA:47,3,0,5
BRDA:47,3,1,4
BRDA:51,4,0,4
BRDA:51,4,1,1
BRDA:57,5,0,5
BRDA:57,5,1,2
BRDA:68,6,0,1
BRDA:68,6,1,4
BRF:11
BRH:11
end_of_record
TN:
SF:components\ProfileButton.tsx
FN:20,ProfileButton
FN:25,(anonymous_1)
FNF:2
FNH:0
FNDA:0,ProfileButton
FNDA:0,(anonymous_1)
DA:21,0
DA:22,0
DA:23,0
DA:25,0
DA:26,0
DA:29,0
DA:56,0
LF:7
LH:0
BRDA:35,0,0,0
BRDA:35,0,1,0
BRDA:43,1,0,0
BRDA:43,1,1,0
BRDA:48,2,0,0
BRDA:48,2,1,0
BRF:6
BRH:0
end_of_record
TN:
SF:components\ProfileCard.tsx
FN:36,ProfileCard
FNF:1
FNH:0
FNDA:0,ProfileCard
DA:47,0
DA:49,0
DA:86,0
LF:3
LH:0
BRDA:41,0,0,0
BRDA:43,1,0,0
BRDA:44,2,0,0
BRDA:45,3,0,0
BRDA:52,4,0,0
BRDA:52,4,1,0
BRDA:56,5,0,0
BRDA:56,5,1,0
BRDA:59,6,0,0
BRDA:59,6,1,0
BRDA:63,7,0,0
BRDA:63,7,1,0
BRDA:64,8,0,0
BRDA:64,8,1,0
BRDA:71,9,0,0
BRDA:71,9,1,0
BRDA:76,10,0,0
BRDA:76,10,1,0
BRDA:77,11,0,0
BRDA:77,11,1,0
BRDA:77,11,2,0
BRF:21
BRH:0
end_of_record
TN:
SF:constants\ThemeConfig.ts
FN:36,(anonymous_0)
FN:66,(anonymous_1)
FN:74,(anonymous_2)
FN:82,(anonymous_3)
FN:90,(anonymous_4)
FNF:5
FNH:0
FNDA:0,(anonymous_0)
FNDA:0,(anonymous_1)
FNDA:0,(anonymous_2)
FNDA:0,(anonymous_3)
FNDA:0,(anonymous_4)
DA:36,0
DA:37,0
DA:38,0
DA:40,0
DA:66,0
DA:67,0
DA:68,0
DA:74,0
DA:75,0
DA:76,0
DA:82,0
DA:83,0
DA:84,0
DA:90,0
DA:91,0
DA:92,0
LF:16
LH:0
BRDA:42,0,0,0
BRDA:42,0,1,0
BRDA:49,1,0,0
BRDA:49,1,1,0
BRDA:55,2,0,0
BRDA:55,2,1,0
BRDA:57,3,0,0
BRDA:57,3,1,0
BRDA:59,4,0,0
BRDA:59,4,1,0
BRDA:68,5,0,0
BRDA:68,5,1,0
BRDA:76,6,0,0
BRDA:76,6,1,0
BRDA:84,7,0,0
BRDA:84,7,1,0
BRF:16
BRH:0
end_of_record
TN:
SF:constants\colors.ts
FNF:0
FNH:0
LF:0
LH:0
BRF:0
BRH:0
end_of_record
TN:
SF:constants\fonts.ts
FNF:0
FNH:0
DA:8,3
DA:31,3
DA:41,3
LF:3
LH:3
BRF:0
BRH:0
end_of_record
TN:
SF:constants\strings.ts
FN:48,(anonymous_0)
FNF:1
FNH:1
FNDA:7,(anonymous_0)
DA:8,2
DA:48,7
LF:2
LH:2
BRF:0
BRH:0
end_of_record
TN:
SF:contexts\AppContext.tsx
FN:47,(anonymous_0)
FN:54,(anonymous_1)
FN:60,(anonymous_2)
FN:73,(anonymous_3)
FN:84,(anonymous_4)
FN:99,(anonymous_5)
FN:109,(anonymous_6)
FN:127,(anonymous_7)
FN:136,(anonymous_8)
FN:149,(anonymous_9)
FN:159,(anonymous_10)
FN:171,(anonymous_11)
FNF:12
FNH:9
FNDA:36,(anonymous_0)
FNDA:18,(anonymous_1)
FNDA:18,(anonymous_2)
FNDA:18,(anonymous_3)
FNDA:18,(anonymous_4)
FNDA:1,(anonymous_5)
FNDA:1,(anonymous_6)
FNDA:0,(anonymous_7)
FNDA:2,(anonymous_8)
FNDA:0,(anonymous_9)
FNDA:0,(anonymous_10)
FNDA:36,(anonymous_11)
DA:30,3
DA:37,3
DA:47,3
DA:48,36
DA:49,36
DA:50,36
DA:51,36
DA:52,36
DA:54,36
DA:55,18
DA:56,18
DA:57,18
DA:60,36
DA:61,18
DA:62,18
DA:63,18
DA:64,0
DA:67,0
DA:69,18
DA:73,36
DA:74,18
DA:75,18
DA:76,18
DA:77,0
DA:80,0
DA:84,36
DA:85,18
DA:86,18
DA:87,18
DA:88,0
DA:89,0
DA:90,0
DA:93,0
DA:95,18
DA:99,36
DA:100,1
DA:101,1
DA:102,1
DA:103,1
DA:105,0
DA:109,36
DA:110,1
DA:112,1
DA:113,1
DA:119,1
DA:120,1
DA:121,1
DA:123,0
DA:127,36
DA:128,0
DA:129,0
DA:130,0
DA:132,0
DA:136,36
DA:137,2
DA:138,2
DA:139,2
DA:140,2
DA:141,2
DA:142,2
DA:145,0
DA:149,36
DA:150,0
DA:151,0
DA:152,0
DA:153,0
DA:155,0
DA:159,36
DA:160,0
DA:161,0
DA:162,0
DA:163,0
DA:164,0
DA:165,0
DA:167,0
DA:171,36
LF:76
LH:49
BRDA:63,0,0,0
BRDA:63,0,1,18
BRDA:76,1,0,0
BRDA:76,1,1,18
BRDA:87,2,0,0
BRDA:87,2,1,18
BRDA:90,3,0,0
BRDA:90,3,1,0
BRDA:110,4,0,0
BRDA:110,4,1,1
BRDA:141,5,0,2
BRDA:141,5,1,0
BRDA:141,6,0,2
BRDA:141,6,1,2
BRF:14
BRH:7
end_of_record
TN:
SF:hooks\useProfile.ts
FN:18,useProfile
FN:34,(anonymous_1)
FN:52,(anonymous_2)
FN:64,(anonymous_3)
FN:86,(anonymous_4)
FN:127,(anonymous_5)
FN:162,(anonymous_6)
FN:188,useSettings
FN:191,(anonymous_8)
FN:195,(anonymous_9)
FN:199,(anonymous_10)
FN:203,(anonymous_11)
FNF:12
FNH:0
FNDA:0,useProfile
FNDA:0,(anonymous_1)
FNDA:0,(anonymous_2)
FNDA:0,(anonymous_3)
FNDA:0,(anonymous_4)
FNDA:0,(anonymous_5)
FNDA:0,(anonymous_6)
FNDA:0,useSettings
FNDA:0,(anonymous_8)
FNDA:0,(anonymous_9)
FNDA:0,(anonymous_10)
FNDA:0,(anonymous_11)
DA:19,0
DA:28,0
DA:33,0
DA:35,0
DA:36,0
DA:38,0
DA:39,0
DA:43,0
DA:52,0
DA:53,0
DA:65,0
DA:66,0
DA:68,0
DA:70,0
DA:71,0
DA:85,0
DA:87,0
DA:89,0
DA:91,0
DA:92,0
DA:96,0
DA:100,0
DA:107,0
DA:108,0
DA:111,0
DA:113,0
DA:114,0
DA:118,0
DA:127,0
DA:128,0
DA:129,0
DA:133,0
DA:136,0
DA:137,0
DA:141,0
DA:145,0
DA:146,0
DA:147,0
DA:148,0
DA:152,0
DA:156,0
DA:162,0
DA:163,0
DA:166,0
DA:189,0
DA:191,0
DA:192,0
DA:195,0
DA:196,0
DA:199,0
DA:200,0
DA:203,0
DA:204,0
DA:207,0
LF:54
LH:0
BRDA:91,0,0,0
BRDA:91,0,1,0
BRDA:107,1,0,0
BRDA:107,1,1,0
BRDA:107,2,0,0
BRDA:107,2,1,0
BRDA:128,3,0,0
BRDA:128,3,1,0
BRDA:128,4,0,0
BRDA:128,4,1,0
BRDA:136,5,0,0
BRDA:136,5,1,0
BRDA:136,6,0,0
BRDA:136,6,1,0
BRDA:145,7,0,0
BRDA:145,7,1,0
BRDA:147,8,0,0
BRDA:147,8,1,0
BRDA:163,9,0,0
BRDA:163,9,1,0
BRF:20
BRH:0
end_of_record
TN:
SF:screens\HomeScreen.tsx
FN:32,HomeScreen
FN:70,(anonymous_1)
FN:94,(anonymous_2)
FNF:3
FNH:3
FNDA:7,HomeScreen
FNDA:1,(anonymous_1)
FNDA:1,(anonymous_2)
DA:33,7
DA:34,7
DA:37,7
DA:39,7
DA:70,1
DA:94,1
DA:150,1
LF:7
LH:7
BRDA:37,0,0,7
BRDA:37,0,1,0
BRDA:40,1,0,7
BRDA:40,1,1,0
BRDA:41,2,0,7
BRDA:41,2,1,0
BRDA:55,3,0,7
BRDA:55,3,1,0
BRDA:58,4,0,7
BRDA:58,4,1,0
BRDA:117,5,0,7
BRDA:117,5,1,0
BRDA:120,6,0,7
BRDA:120,6,1,0
BRDA:124,7,0,7
BRDA:124,7,1,0
BRDA:128,8,0,7
BRDA:128,8,1,0
BRDA:132,9,0,7
BRDA:132,9,1,0
BRDA:136,10,0,7
BRDA:136,10,1,0
BRDA:140,11,0,7
BRDA:140,11,1,0
BRF:24
BRH:12
end_of_record
TN:
SF:screens\OnboardingScreen.tsx
FN:39,OnboardingScreen
FN:49,(anonymous_1)
FN:58,(anonymous_2)
FNF:3
FNH:0
FNDA:0,OnboardingScreen
FNDA:0,(anonymous_1)
FNDA:0,(anonymous_2)
DA:40,0
DA:41,0
DA:42,0
DA:43,0
DA:44,0
DA:49,0
DA:50,0
DA:51,0
DA:58,0
DA:60,0
DA:61,0
DA:62,0
DA:66,0
DA:67,0
DA:68,0
DA:72,0
DA:73,0
DA:74,0
DA:77,0
DA:78,0
DA:80,0
DA:86,0
DA:88,0
DA:89,0
DA:94,0
DA:98,0
DA:183,0
LF:27
LH:0
BRDA:60,0,0,0
BRDA:60,0,1,0
BRDA:66,1,0,0
BRDA:66,1,1,0
BRDA:72,2,0,0
BRDA:72,2,1,0
BRDA:109,3,0,0
BRDA:109,3,1,0
BRDA:162,4,0,0
BRDA:162,4,1,0
BRF:10
BRH:0
end_of_record
TN:
SF:screens\ProfileScreen.tsx
FN:40,ProfileScreen
FN:51,(anonymous_1)
FN:81,(anonymous_2)
FN:98,(anonymous_3)
FN:106,(anonymous_4)
FN:115,(anonymous_5)
FN:129,(anonymous_6)
FN:140,(anonymous_7)
FN:148,(anonymous_8)
FN:198,(anonymous_9)
FN:225,(anonymous_10)
FN:254,(anonymous_11)
FN:282,(anonymous_12)
FN:308,(anonymous_13)
FN:315,(anonymous_14)
FN:353,(anonymous_15)
FN:383,(anonymous_16)
FNF:17
FNH:0
FNDA:0,ProfileScreen
FNDA:0,(anonymous_1)
FNDA:0,(anonymous_2)
FNDA:0,(anonymous_3)
FNDA:0,(anonymous_4)
FNDA:0,(anonymous_5)
FNDA:0,(anonymous_6)
FNDA:0,(anonymous_7)
FNDA:0,(anonymous_8)
FNDA:0,(anonymous_9)
FNDA:0,(anonymous_10)
FNDA:0,(anonymous_11)
FNDA:0,(anonymous_12)
FNDA:0,(anonymous_13)
FNDA:0,(anonymous_14)
FNDA:0,(anonymous_15)
FNDA:0,(anonymous_16)
DA:41,0
DA:42,0
DA:43,0
DA:44,0
DA:45,0
DA:46,0
DA:51,0
DA:52,0
DA:54,0
DA:55,0
DA:59,0
DA:62,0
DA:69,0
DA:70,0
DA:71,0
DA:72,0
DA:73,0
DA:81,0
DA:82,0
DA:83,0
DA:84,0
DA:86,0
DA:87,0
DA:88,0
DA:91,0
DA:92,0
DA:98,0
DA:99,0
DA:100,0
DA:106,0
DA:107,0
DA:116,0
DA:117,0
DA:124,0
DA:129,0
DA:140,0
DA:149,0
DA:150,0
DA:152,0
DA:198,0
DA:225,0
DA:254,0
DA:282,0
DA:309,0
DA:315,0
DA:353,0
DA:383,0
DA:405,0
LF:48
LH:0
BRDA:54,0,0,0
BRDA:54,0,1,0
BRDA:69,1,0,0
BRDA:69,1,1,0
BRDA:69,2,0,0
BRDA:69,2,1,0
BRDA:72,3,0,0
BRDA:72,3,1,0
BRDA:82,4,0,0
BRDA:82,4,1,0
BRDA:86,5,0,0
BRDA:86,5,1,0
BRDA:131,6,0,0
BRDA:131,6,1,0
BRDA:134,7,0,0
BRDA:134,7,1,0
BRDA:141,8,0,0
BRDA:141,8,1,0
BRDA:143,9,0,0
BRDA:143,9,1,0
BRDA:149,10,0,0
BRDA:149,10,1,0
BRDA:156,11,0,0
BRDA:156,11,1,0
BRDA:157,12,0,0
BRDA:157,12,1,0
BRDA:170,13,0,0
BRDA:170,13,1,0
BRDA:173,14,0,0
BRDA:173,14,1,0
BRDA:174,15,0,0
BRDA:174,15,1,0
BRDA:185,16,0,0
BRDA:185,16,1,0
BRDA:187,17,0,0
BRDA:187,17,1,0
BRDA:191,18,0,0
BRDA:191,18,1,0
BRDA:194,19,0,0
BRDA:194,19,1,0
BRDA:196,20,0,0
BRDA:196,20,1,0
BRDA:203,21,0,0
BRDA:203,21,1,0
BRDA:212,22,0,0
BRDA:212,22,1,0
BRDA:214,23,0,0
BRDA:214,23,1,0
BRDA:218,24,0,0
BRDA:218,24,1,0
BRDA:221,25,0,0
BRDA:221,25,1,0
BRDA:223,26,0,0
BRDA:223,26,1,0
BRDA:232,27,0,0
BRDA:232,27,1,0
BRDA:241,28,0,0
BRDA:241,28,1,0
BRDA:243,29,0,0
BRDA:243,29,1,0
BRDA:247,30,0,0
BRDA:247,30,1,0
BRDA:250,31,0,0
BRDA:250,31,1,0
BRDA:252,32,0,0
BRDA:252,32,1,0
BRDA:260,33,0,0
BRDA:260,33,1,0
BRDA:261,34,0,0
BRDA:261,34,1,0
BRDA:269,35,0,0
BRDA:269,35,1,0
BRDA:271,36,0,0
BRDA:271,36,1,0
BRDA:275,37,0,0
BRDA:275,37,1,0
BRDA:278,38,0,0
BRDA:278,38,1,0
BRDA:280,39,0,0
BRDA:280,39,1,0
BRDA:288,40,0,0
BRDA:288,40,1,0
BRDA:289,41,0,0
BRDA:289,41,1,0
BRDA:297,42,0,0
BRDA:297,42,1,0
BRDA:299,43,0,0
BRDA:299,43,1,0
BRDA:303,44,0,0
BRDA:303,44,1,0
BRDA:306,45,0,0
BRDA:306,45,1,0
BRDA:313,46,0,0
BRDA:313,46,1,0
BRDA:320,47,0,0
BRDA:320,47,1,0
BRDA:329,48,0,0
BRDA:329,48,1,0
BRDA:330,49,0,0
BRDA:330,49,1,0
BRDA:340,50,0,0
BRDA:340,50,1,0
BRDA:342,51,0,0
BRDA:342,51,1,0
BRDA:346,52,0,0
BRDA:346,52,1,0
BRDA:349,53,0,0
BRDA:349,53,1,0
BRDA:351,54,0,0
BRDA:351,54,1,0
BRDA:360,55,0,0
BRDA:360,55,1,0
BRDA:361,56,0,0
BRDA:361,56,1,0
BRDA:370,57,0,0
BRDA:370,57,1,0
BRDA:379,58,0,0
BRDA:379,58,1,0
BRDA:382,59,0,0
BRDA:382,59,1,0
BRDA:385,60,0,0
BRDA:385,60,1,0
BRDA:386,61,0,0
BRDA:386,61,1,0
BRF:124
BRH:0
end_of_record
TN:
SF:screens\SettingsScreen.tsx
FN:26,SettingsScreen
FN:34,(anonymous_1)
FN:41,(anonymous_2)
FN:48,(anonymous_3)
FN:55,(anonymous_4)
FN:62,(anonymous_5)
FN:71,(anonymous_6)
FNF:7
FNH:1
FNDA:6,SettingsScreen
FNDA:0,(anonymous_1)
FNDA:0,(anonymous_2)
FNDA:0,(anonymous_3)
FNDA:0,(anonymous_4)
FNDA:0,(anonymous_5)
FNDA:0,(anonymous_6)
DA:27,6
DA:28,6
DA:29,6
DA:34,6
DA:35,0
DA:41,6
DA:42,0
DA:48,6
DA:49,0
DA:55,6
DA:56,0
DA:62,6
DA:63,0
DA:72,0
DA:73,0
DA:74,0
DA:79,0
DA:80,0
DA:91,6
DA:265,1
LF:20
LH:10
BRDA:92,0,0,6
BRDA:92,0,1,0
BRDA:96,1,0,6
BRDA:96,1,1,0
BRDA:101,2,0,0
BRDA:101,2,1,6
BRDA:102,3,0,6
BRDA:102,3,1,0
BRDA:110,4,0,6
BRDA:110,4,1,0
BRDA:113,5,0,6
BRDA:113,5,1,0
BRDA:114,6,0,0
BRDA:114,6,1,6
BRDA:132,7,0,6
BRDA:132,7,1,0
BRDA:137,8,0,0
BRDA:137,8,1,6
BRDA:138,9,0,6
BRDA:138,9,1,0
BRDA:146,10,0,6
BRDA:146,10,1,0
BRDA:149,11,0,6
BRDA:149,11,1,0
BRDA:150,12,0,6
BRDA:150,12,1,0
BRDA:164,13,0,6
BRDA:164,13,1,0
BRDA:171,14,0,6
BRDA:171,14,1,0
BRDA:176,15,0,0
BRDA:176,15,1,6
BRDA:177,16,0,6
BRDA:177,16,1,0
BRDA:185,17,0,6
BRDA:185,17,1,0
BRDA:188,18,0,6
BRDA:188,18,1,0
BRDA:189,19,0,6
BRDA:189,19,1,0
BRDA:207,20,0,6
BRDA:207,20,1,0
BRDA:212,21,0,0
BRDA:212,21,1,6
BRDA:213,22,0,6
BRDA:213,22,1,0
BRDA:221,23,0,6
BRDA:221,23,1,0
BRDA:224,24,0,6
BRDA:224,24,1,0
BRDA:225,25,0,0
BRDA:225,25,1,6
BRDA:243,26,0,6
BRDA:243,26,1,0
BRDA:255,27,0,0
BRDA:255,27,1,6
BRDA:256,28,0,6
BRDA:256,28,1,0
BRF:58
BRH:29
end_of_record
TN:
SF:screens\TutorialSlidesScreen.tsx
FN:26,(anonymous_0)
FN:32,TutorialSlidesScreen
FN:36,(anonymous_2)
FN:43,(anonymous_3)
FNF:4
FNH:0
FNDA:0,(anonymous_0)
FNDA:0,TutorialSlidesScreen
FNDA:0,(anonymous_2)
FNDA:0,(anonymous_3)
DA:26,0
DA:27,0
DA:36,0
DA:37,0
DA:43,0
DA:44,0
DA:47,0
DA:97,0
LF:8
LH:0
BRF:0
BRH:0
end_of_record
TN:
SF:screens\TutorialSlidesScreenWeb.tsx
FN:37,(anonymous_0)
FN:46,TutorialSlidesScreen
FN:73,(anonymous_2)
FN:81,(anonymous_3)
FN:85,(anonymous_4)
FN:116,(anonymous_5)
FNF:6
FNH:0
FNDA:0,(anonymous_0)
FNDA:0,TutorialSlidesScreen
FNDA:0,(anonymous_2)
FNDA:0,(anonymous_3)
FNDA:0,(anonymous_4)
FNDA:0,(anonymous_5)
DA:24,0
DA:37,0
DA:38,0
DA:47,0
DA:49,0
DA:73,0
DA:74,0
DA:75,0
DA:77,0
DA:81,0
DA:82,0
DA:85,0
DA:86,0
DA:89,0
DA:90,0
DA:92,0
DA:117,0
DA:137,0
LF:18
LH:0
BRDA:74,0,0,0
BRDA:74,0,1,0
BRDA:98,1,0,0
BRDA:98,1,1,0
BRDA:121,2,0,0
BRDA:121,2,1,0
BRDA:130,3,0,0
BRDA:130,3,1,0
BRF:8
BRH:0
end_of_record
TN:
SF:screens\UserInfoScreen.tsx
FN:38,UserInfoScreen
FN:48,(anonymous_1)
FN:57,(anonymous_2)
FNF:3
FNH:0
FNDA:0,UserInfoScreen
FNDA:0,(anonymous_1)
FNDA:0,(anonymous_2)
DA:39,0
DA:40,0
DA:41,0
DA:42,0
DA:43,0
DA:48,0
DA:49,0
DA:50,0
DA:57,0
DA:59,0
DA:60,0
DA:61,0
DA:65,0
DA:66,0
DA:67,0
DA:71,0
DA:72,0
DA:73,0
DA:76,0
DA:77,0
DA:79,0
DA:85,0
DA:87,0
DA:88,0
DA:93,0
DA:97,0
DA:182,0
LF:27
LH:0
BRDA:59,0,0,0
BRDA:59,0,1,0
BRDA:65,1,0,0
BRDA:65,1,1,0
BRDA:71,2,0,0
BRDA:71,2,1,0
BRDA:108,3,0,0
BRDA:108,3,1,0
BRDA:161,4,0,0
BRDA:161,4,1,0
BRF:10
BRH:0
end_of_record
TN:
SF:store\authStore.ts
FN:100,(anonymous_0)
FN:112,(anonymous_1)
FN:146,(anonymous_2)
FN:170,(anonymous_3)
FN:187,(anonymous_4)
FN:208,(anonymous_5)
FN:237,(anonymous_6)
FN:251,(anonymous_7)
FN:271,(anonymous_8)
FN:271,(anonymous_9)
FN:272,(anonymous_10)
FN:272,(anonymous_11)
FN:273,(anonymous_12)
FN:273,(anonymous_13)
FN:274,(anonymous_14)
FN:274,(anonymous_15)
FNF:16
FNH:0
FNDA:0,(anonymous_0)
FNDA:0,(anonymous_1)
FNDA:0,(anonymous_2)
FNDA:0,(anonymous_3)
FNDA:0,(anonymous_4)
FNDA:0,(anonymous_5)
FNDA:0,(anonymous_6)
FNDA:0,(anonymous_7)
FNDA:0,(anonymous_8)
FNDA:0,(anonymous_9)
FNDA:0,(anonymous_10)
FNDA:0,(anonymous_11)
FNDA:0,(anonymous_12)
FNDA:0,(anonymous_13)
FNDA:0,(anonymous_14)
FNDA:0,(anonymous_15)
DA:70,0
DA:80,0
DA:88,0
DA:100,0
DA:113,0
DA:115,0
DA:116,0
DA:117,0
DA:118,0
DA:125,0
DA:126,0
DA:127,0
DA:131,0
DA:132,0
DA:133,0
DA:136,0
DA:138,0
DA:147,0
DA:148,0
DA:149,0
DA:151,0
DA:156,0
DA:161,0
DA:162,0
DA:171,0
DA:172,0
DA:173,0
DA:178,0
DA:179,0
DA:188,0
DA:189,0
DA:190,0
DA:192,0
DA:197,0
DA:199,0
DA:200,0
DA:209,0
DA:210,0
DA:212,0
DA:214,0
DA:221,0
DA:223,0
DA:228,0
DA:230,0
DA:238,0
DA:239,0
DA:240,0
DA:242,0
DA:243,0
DA:252,0
DA:253,0
DA:254,0
DA:261,0
DA:262,0
DA:271,0
DA:272,0
DA:273,0
DA:274,0
LF:58
LH:0
BRDA:116,0,0,0
BRDA:116,0,1,0
BRDA:120,1,0,0
BRDA:120,1,1,0
BRDA:126,2,0,0
BRDA:126,2,1,0
BRDA:132,3,0,0
BRDA:132,3,1,0
BRDA:158,4,0,0
BRDA:158,4,1,0
BRDA:212,5,0,0
BRDA:212,5,1,0
BRF:12
BRH:0
end_of_record
TN:
SF:types\react-native-onboarding-swiper.d.ts
FNF:0
FNH:0
LF:0
LH:0
BRF:0
BRH:0
end_of_record
TN:
SF:types\supabase.ts
FNF:0
FNH:0
LF:0
LH:0
BRF:0
BRH:0
end_of_record
TN:
SF:utils\pollinationsAI.ts
FN:19,generateText
FN:57,(anonymous_1)
FN:87,generateTextWithImage
FN:112,generateAudioResponse
FN:132,(anonymous_4)
FN:133,(anonymous_5)
FN:147,convertImageToBase64
FN:161,(anonymous_7)
FN:163,(anonymous_8)
FN:164,(anonymous_9)
FN:173,(anonymous_10)
FN:175,(anonymous_11)
FN:183,(anonymous_12)
FNF:13
FNH:5
FNDA:5,generateText
FNDA:0,(anonymous_1)
FNDA:2,generateTextWithImage
FNDA:0,generateAudioResponse
FNDA:0,(anonymous_4)
FNDA:0,(anonymous_5)
FNDA:2,convertImageToBase64
FNDA:0,(anonymous_7)
FNDA:0,(anonymous_8)
FNDA:0,(anonymous_9)
FNDA:1,(anonymous_10)
FNDA:1,(anonymous_11)
FNDA:0,(anonymous_12)
DA:20,5
DA:22,5
DA:24,5
DA:37,5
DA:38,1
DA:39,1
DA:40,1
DA:43,4
DA:44,0
DA:45,0
DA:46,0
DA:48,0
DA:49,0
DA:52,0
DA:53,0
DA:54,0
DA:56,0
DA:57,0
DA:59,0
DA:60,0
DA:61,0
DA:62,0
DA:64,0
DA:65,0
DA:66,0
DA:67,0
DA:70,0
DA:75,0
DA:78,4
DA:79,4
DA:82,1
DA:83,1
DA:91,2
DA:96,2
DA:98,2
DA:113,0
DA:114,0
DA:115,0
DA:116,0
DA:118,0
DA:120,0
DA:122,0
DA:123,0
DA:126,0
DA:128,0
DA:129,0
DA:131,0
DA:132,0
DA:133,0
DA:134,0
DA:135,0
DA:137,0
DA:138,0
DA:142,0
DA:143,0
DA:148,2
DA:149,2
DA:150,1
DA:153,1
DA:155,1
DA:156,0
DA:157,0
DA:158,0
DA:160,0
DA:161,0
DA:162,0
DA:163,0
DA:164,0
DA:165,0
DA:168,1
DA:169,1
DA:170,0
DA:172,1
DA:173,1
DA:174,1
DA:175,1
DA:176,1
DA:177,1
DA:178,0
DA:179,0
DA:181,1
DA:183,1
DA:184,1
DA:188,0
DA:189,0
LF:85
LH:31
BRDA:22,0,0,5
BRDA:22,0,1,2
BRDA:22,0,2,0
BRDA:37,1,0,1
BRDA:37,1,1,4
BRDA:43,2,0,0
BRDA:43,2,1,4
BRDA:48,3,0,0
BRDA:48,3,1,0
BRDA:54,4,0,0
BRDA:54,4,1,0
BRDA:62,5,0,0
BRDA:62,5,1,0
BRDA:66,6,0,0
BRDA:66,6,1,0
BRDA:79,7,0,4
BRDA:79,7,1,0
BRDA:91,8,0,1
BRDA:91,8,1,1
BRDA:115,9,0,0
BRDA:115,9,1,0
BRDA:116,10,0,0
BRDA:116,10,1,0
BRDA:122,11,0,0
BRDA:122,11,1,0
BRDA:128,12,0,0
BRDA:128,12,1,0
BRDA:149,13,0,1
BRDA:149,13,1,1
BRDA:155,14,0,0
BRDA:155,14,1,1
BRDA:157,15,0,0
BRDA:157,15,1,0
BRDA:169,16,0,0
BRDA:169,16,1,1
BRDA:177,17,0,0
BRDA:177,17,1,1
BRDA:189,18,0,0
BRDA:189,18,1,0
BRF:39
BRH:13
end_of_record
